[2025-10-24 13:01:44Z INFO HostContext] No proxy settings were found based on environmental variables (http_proxy/https_proxy/HTTP_PROXY/HTTPS_PROXY)
[2025-10-24 13:01:44Z INFO HostContext] Well known directory 'Bin': 'C:\Users\paulo\server\vuln-server\actions-runner\bin'
[2025-10-24 13:01:44Z INFO HostContext] Well known directory 'Root': 'C:\Users\paulo\server\vuln-server\actions-runner'
[2025-10-24 13:01:44Z INFO HostContext] Well known config file 'Credentials': 'C:\Users\paulo\server\vuln-server\actions-runner\.credentials'
[2025-10-24 13:01:45Z INFO HostContext] Well known directory 'Bin': 'C:\Users\paulo\server\vuln-server\actions-runner\bin'
[2025-10-24 13:01:45Z INFO HostContext] Well known directory 'Root': 'C:\Users\paulo\server\vuln-server\actions-runner'
[2025-10-24 13:01:45Z INFO HostContext] Well known config file 'Runner': 'C:\Users\paulo\server\vuln-server\actions-runner\.runner'
[2025-10-24 13:01:45Z INFO Listener] Runner is built for Windows (X64) - win-x64.
[2025-10-24 13:01:45Z INFO Listener] RuntimeInformation: Microsoft Windows 10.0.26100.
[2025-10-24 13:01:45Z INFO Listener] Version: 2.329.0
[2025-10-24 13:01:45Z INFO Listener] Commit: c76c59996c8fa32e989164a5a695efb12608ae5a
[2025-10-24 13:01:45Z INFO Listener] Culture: fr-FR
[2025-10-24 13:01:45Z INFO Listener] UI Culture: fr-FR
[2025-10-24 13:01:45Z INFO HostContext] Well known directory 'Bin': 'C:\Users\paulo\server\vuln-server\actions-runner\bin'
[2025-10-24 13:01:45Z INFO HostContext] Well known directory 'Root': 'C:\Users\paulo\server\vuln-server\actions-runner'
[2025-10-24 13:01:45Z INFO Listener] Validating directory permissions for: 'C:\Users\paulo\server\vuln-server\actions-runner'
[2025-10-24 13:01:45Z INFO CommandLineParser] Parse
[2025-10-24 13:01:45Z INFO CommandLineParser] Parsing 1 args
[2025-10-24 13:01:45Z INFO CommandLineParser] parsing argument
[2025-10-24 13:01:45Z INFO CommandLineParser] HasArgs: False
[2025-10-24 13:01:45Z INFO CommandLineParser] Adding Command: run
[2025-10-24 13:01:45Z INFO Listener] Arguments parsed
[2025-10-24 13:01:45Z INFO Runner] ExecuteCommand
[2025-10-24 13:01:45Z INFO ConfigurationStore] currentAssemblyLocation: C:\Users\paulo\server\vuln-server\actions-runner\bin\Runner.Listener.dll
[2025-10-24 13:01:45Z INFO HostContext] Well known directory 'Bin': 'C:\Users\paulo\server\vuln-server\actions-runner\bin'
[2025-10-24 13:01:45Z INFO ConfigurationStore] binPath: C:\Users\paulo\server\vuln-server\actions-runner\bin
[2025-10-24 13:01:45Z INFO HostContext] Well known directory 'Bin': 'C:\Users\paulo\server\vuln-server\actions-runner\bin'
[2025-10-24 13:01:45Z INFO HostContext] Well known directory 'Root': 'C:\Users\paulo\server\vuln-server\actions-runner'
[2025-10-24 13:01:45Z INFO ConfigurationStore] RootFolder: C:\Users\paulo\server\vuln-server\actions-runner
[2025-10-24 13:01:45Z INFO HostContext] Well known directory 'Bin': 'C:\Users\paulo\server\vuln-server\actions-runner\bin'
[2025-10-24 13:01:45Z INFO HostContext] Well known directory 'Root': 'C:\Users\paulo\server\vuln-server\actions-runner'
[2025-10-24 13:01:45Z INFO HostContext] Well known config file 'Runner': 'C:\Users\paulo\server\vuln-server\actions-runner\.runner'
[2025-10-24 13:01:45Z INFO ConfigurationStore] ConfigFilePath: C:\Users\paulo\server\vuln-server\actions-runner\.runner
[2025-10-24 13:01:45Z INFO HostContext] Well known directory 'Bin': 'C:\Users\paulo\server\vuln-server\actions-runner\bin'
[2025-10-24 13:01:45Z INFO HostContext] Well known directory 'Root': 'C:\Users\paulo\server\vuln-server\actions-runner'
[2025-10-24 13:01:45Z INFO HostContext] Well known config file 'MigratedRunner': 'C:\Users\paulo\server\vuln-server\actions-runner\.runner_migrated'
[2025-10-24 13:01:45Z INFO ConfigurationStore] MigratedConfigFilePath: C:\Users\paulo\server\vuln-server\actions-runner\.runner_migrated
[2025-10-24 13:01:45Z INFO HostContext] Well known directory 'Bin': 'C:\Users\paulo\server\vuln-server\actions-runner\bin'
[2025-10-24 13:01:45Z INFO HostContext] Well known directory 'Root': 'C:\Users\paulo\server\vuln-server\actions-runner'
[2025-10-24 13:01:45Z INFO HostContext] Well known config file 'Credentials': 'C:\Users\paulo\server\vuln-server\actions-runner\.credentials'
[2025-10-24 13:01:45Z INFO ConfigurationStore] CredFilePath: C:\Users\paulo\server\vuln-server\actions-runner\.credentials
[2025-10-24 13:01:45Z INFO HostContext] Well known directory 'Bin': 'C:\Users\paulo\server\vuln-server\actions-runner\bin'
[2025-10-24 13:01:45Z INFO HostContext] Well known directory 'Root': 'C:\Users\paulo\server\vuln-server\actions-runner'
[2025-10-24 13:01:45Z INFO HostContext] Well known config file 'MigratedCredentials': 'C:\Users\paulo\server\vuln-server\actions-runner\.credentials_migrated'
[2025-10-24 13:01:45Z INFO ConfigurationStore] MigratedCredFilePath: C:\Users\paulo\server\vuln-server\actions-runner\.credentials_migrated
[2025-10-24 13:01:45Z INFO HostContext] Well known directory 'Bin': 'C:\Users\paulo\server\vuln-server\actions-runner\bin'
[2025-10-24 13:01:45Z INFO HostContext] Well known directory 'Root': 'C:\Users\paulo\server\vuln-server\actions-runner'
[2025-10-24 13:01:45Z INFO HostContext] Well known config file 'Service': 'C:\Users\paulo\server\vuln-server\actions-runner\.service'
[2025-10-24 13:01:45Z INFO ConfigurationStore] ServiceConfigFilePath: C:\Users\paulo\server\vuln-server\actions-runner\.service
[2025-10-24 13:01:45Z INFO CommandSettings] Flag 'help': 'False'
[2025-10-24 13:01:45Z INFO CommandSettings] Flag 'version': 'False'
[2025-10-24 13:01:45Z INFO CommandSettings] Flag 'commit': 'False'
[2025-10-24 13:01:45Z INFO CommandSettings] Flag 'check': 'False'
[2025-10-24 13:01:45Z INFO CommandSettings] Command 'configure': 'False'
[2025-10-24 13:01:45Z INFO CommandSettings] Command 'remove': 'False'
[2025-10-24 13:01:45Z INFO CommandSettings] Command 'warmup': 'False'
[2025-10-24 13:01:45Z INFO ConfigurationManager] LoadSettings
[2025-10-24 13:01:45Z INFO ConfigurationStore] IsConfigured()
[2025-10-24 13:01:45Z INFO ConfigurationStore] IsConfigured: True
[2025-10-24 13:01:45Z INFO ConfigurationManager] Is configured: True
[2025-10-24 13:01:45Z INFO ConfigurationStore] Read setting file: 394 chars
[2025-10-24 13:01:45Z INFO ConfigurationManager] Settings Loaded
[2025-10-24 13:01:45Z INFO ConfigurationStore] IsServiceConfigured()
[2025-10-24 13:01:45Z INFO ConfigurationStore] IsServiceConfigured: False
[2025-10-24 13:01:45Z INFO CommandSettings] Command 'run': 'True'
[2025-10-24 13:01:45Z INFO ConfigurationStore] IsConfigured()
[2025-10-24 13:01:45Z INFO ConfigurationStore] IsConfigured: True
[2025-10-24 13:01:45Z INFO ConfigurationManager] Is configured: True
[2025-10-24 13:01:45Z INFO Runner] Could not parse the argument value '' for StartupType. Defaulting to Manual
[2025-10-24 13:01:45Z INFO Runner] Set runner startup type - Manual
[2025-10-24 13:01:45Z INFO CommandSettings] Flag 'once': 'False'
[2025-10-24 13:01:45Z INFO CommandSettings] Flag 'once': 'False'
[2025-10-24 13:01:45Z INFO Runner] RunAsync
[2025-10-24 13:01:45Z INFO ConfigurationManager] LoadMigratedSettings
[2025-10-24 13:01:45Z INFO ConfigurationStore] IsMigratedConfigured()
[2025-10-24 13:01:45Z INFO ConfigurationStore] IsMigratedConfigured: False
[2025-10-24 13:01:45Z INFO Runner] Failed to load migrated settings: No migrated configuration found.
[2025-10-24 13:01:45Z INFO Runner] Falling back to original .runner settings
[2025-10-24 13:01:45Z INFO Runner] Using BrokerMessageListener
[2025-10-24 13:01:45Z INFO BrokerMessageListener] Using provided settings
[2025-10-24 13:01:45Z INFO BrokerMessageListener] {
  "AgentId": 2,
  "AgentName": "PAULLAPTOP",
  "PoolId": 1,
  "PoolName": "Default",
  "ServerUrl": "https://pipelinesghubeus3.actions.githubusercontent.com/srpMjgwpslPWLi78A9Yi5ELWvvVVEUV9JmE1i7QvtJc1pHYiSG/",
  "GitHubUrl": "https://github.com/paulocorpo/vulnserver",
  "WorkFolder": "_work",
  "UseV2Flow": true,
  "ServerUrlV2": "https://broker.actions.githubusercontent.com/"
}
[2025-10-24 13:01:45Z INFO BrokerMessageListener] Loading Credentials
[2025-10-24 13:01:45Z INFO ConfigurationStore] HasCredentials()
[2025-10-24 13:01:45Z INFO ConfigurationStore] stored True
[2025-10-24 13:01:45Z INFO CredentialManager] GetCredentialProvider
[2025-10-24 13:01:45Z INFO CredentialManager] Creating type OAuth
[2025-10-24 13:01:45Z INFO CredentialManager] Creating credential type: OAuth
[2025-10-24 13:01:45Z INFO HostContext] Well known directory 'Bin': 'C:\Users\paulo\server\vuln-server\actions-runner\bin'
[2025-10-24 13:01:45Z INFO HostContext] Well known directory 'Root': 'C:\Users\paulo\server\vuln-server\actions-runner'
[2025-10-24 13:01:45Z INFO HostContext] Well known config file 'RSACredentials': 'C:\Users\paulo\server\vuln-server\actions-runner\.credentials_rsaparams'
[2025-10-24 13:01:45Z INFO RSAEncryptedFileKeyManager] Loading RSA key parameters from file C:\Users\paulo\server\vuln-server\actions-runner\.credentials_rsaparams
[2025-10-24 13:01:45Z INFO BrokerMessageListener] Attempt to create session.
[2025-10-24 13:01:45Z INFO BrokerMessageListener] Connecting to the Broker Server...
[2025-10-24 13:01:45Z INFO ConfigurationStore] HasCredentials()
[2025-10-24 13:01:45Z INFO ConfigurationStore] stored True
[2025-10-24 13:01:45Z INFO CredentialManager] GetCredentialProvider
[2025-10-24 13:01:45Z INFO CredentialManager] Creating type OAuth
[2025-10-24 13:01:45Z INFO CredentialManager] Creating credential type: OAuth
[2025-10-24 13:01:45Z INFO RSAEncryptedFileKeyManager] Loading RSA key parameters from file C:\Users\paulo\server\vuln-server\actions-runner\.credentials_rsaparams
[2025-10-24 13:01:45Z INFO BrokerMessageListener] VssConnection created
[2025-10-24 13:01:45Z INFO BrokerMessageListener] Connecting to the Runner server...
[2025-10-24 13:01:45Z INFO RunnerServer] EstablishVssConnection
[2025-10-24 13:01:45Z INFO RunnerServer] Establish connection with 100 seconds timeout.
[2025-10-24 13:01:45Z INFO GitHubActionsService] Starting operation Location.GetConnectionData
[2025-10-24 13:01:45Z INFO RunnerServer] EstablishVssConnection
[2025-10-24 13:01:45Z INFO RunnerServer] Establish connection with 60 seconds timeout.
[2025-10-24 13:01:45Z INFO GitHubActionsService] Starting operation Location.GetConnectionData
[2025-10-24 13:01:45Z INFO RunnerServer] EstablishVssConnection
[2025-10-24 13:01:45Z INFO RunnerServer] Establish connection with 60 seconds timeout.
[2025-10-24 13:01:45Z INFO GitHubActionsService] Starting operation Location.GetConnectionData
[2025-10-24 13:01:45Z INFO GitHubActionsService] Finished operation Location.GetConnectionData
[2025-10-24 13:01:45Z INFO GitHubActionsService] Finished operation Location.GetConnectionData
[2025-10-24 13:01:45Z INFO GitHubActionsService] Finished operation Location.GetConnectionData
[2025-10-24 13:01:45Z INFO BrokerMessageListener] VssConnection created
[2025-10-24 13:01:45Z INFO Terminal] WRITE LINE: 
[2025-10-24 13:01:45Z INFO Terminal] WRITE LINE: 
[2025-10-24 13:01:45Z INFO RSAEncryptedFileKeyManager] Loading RSA key parameters from file C:\Users\paulo\server\vuln-server\actions-runner\.credentials_rsaparams
[2025-10-24 13:01:45Z INFO RSAEncryptedFileKeyManager] Loading RSA key parameters from file C:\Users\paulo\server\vuln-server\actions-runner\.credentials_rsaparams
[2025-10-24 13:01:46Z INFO GitHubActionsService] AAD Correlation ID for this token request: Unknown
[2025-10-24 13:01:46Z INFO BrokerMessageListener] Session created.
[2025-10-24 13:01:46Z INFO Terminal] WRITE LINE: Current runner version: '2.329.0'
[2025-10-24 13:01:46Z INFO Terminal] WRITE LINE: 2025-10-24 13:01:46Z: Listening for Jobs
[2025-10-24 13:01:46Z INFO JobDispatcher] Set runner/worker IPC timeout to 30 seconds.
[2025-10-24 13:07:47Z INFO ConfigurationStore] HasCredentials()
[2025-10-24 13:07:47Z INFO ConfigurationStore] stored True
[2025-10-24 13:07:47Z INFO CredentialManager] GetCredentialProvider
[2025-10-24 13:07:47Z INFO CredentialManager] Creating type OAuth
[2025-10-24 13:07:47Z INFO CredentialManager] Creating credential type: OAuth
[2025-10-24 13:07:47Z INFO RSAEncryptedFileKeyManager] Loading RSA key parameters from file C:\Users\paulo\server\vuln-server\actions-runner\.credentials_rsaparams
[2025-10-24 13:07:47Z INFO RSAEncryptedFileKeyManager] Loading RSA key parameters from file C:\Users\paulo\server\vuln-server\actions-runner\.credentials_rsaparams
[2025-10-24 13:07:47Z INFO RSAEncryptedFileKeyManager] Loading RSA key parameters from file C:\Users\paulo\server\vuln-server\actions-runner\.credentials_rsaparams
[2025-10-24 13:07:48Z INFO GitHubActionsService] AAD Correlation ID for this token request: Unknown
[2025-10-24 13:07:49Z INFO JobDispatcher] Job request 0 for plan bd056a80-3145-48e7-913c-a5a8cafb098f job f301f59c-ef30-5457-b73e-1090fdb7b125 received.
[2025-10-24 13:07:49Z INFO JobDispatcher] Pull OrchestrationId bd056a80-3145-48e7-913c-a5a8cafb098f.semgrep.__default from JWT claims
[2025-10-24 13:07:49Z INFO BrokerMessageListener] Received job status event. JobState: Busy
[2025-10-24 13:07:49Z INFO BrokerMessageListener] _getMessagesTokenSource is already disposed.
[2025-10-24 13:07:49Z INFO Terminal] WRITE LINE: 2025-10-24 13:07:49Z: Running job: semgrep
[2025-10-24 13:16:42Z INFO JobDispatcher] Start renew job request 0 for job f301f59c-ef30-5457-b73e-1090fdb7b125.
[2025-10-24 13:16:42Z INFO JobDispatcher] Successfully renew job f301f59c-ef30-5457-b73e-1090fdb7b125, job is valid till 24/10/2025 13:26:42
[2025-10-24 13:16:42Z INFO HostContext] Well known directory 'Bin': 'C:\Users\paulo\server\vuln-server\actions-runner\bin'
[2025-10-24 13:16:42Z INFO ProcessInvokerWrapper] Starting process:
[2025-10-24 13:16:42Z INFO ProcessInvokerWrapper]   File name: 'C:\Users\paulo\server\vuln-server\actions-runner\bin\Runner.Worker.exe'
[2025-10-24 13:16:42Z INFO ProcessInvokerWrapper]   Arguments: 'spawnclient 2304 2316'
[2025-10-24 13:16:42Z INFO ProcessInvokerWrapper]   Working directory: 'C:\Users\paulo\server\vuln-server\actions-runner\bin'
[2025-10-24 13:16:42Z INFO ProcessInvokerWrapper]   Require exit code zero: 'False'
[2025-10-24 13:16:42Z INFO ProcessInvokerWrapper]   Encoding web name:  ; code page: ''
[2025-10-24 13:16:42Z INFO ProcessInvokerWrapper]   Force kill process on cancellation: 'True'
[2025-10-24 13:16:42Z INFO ProcessInvokerWrapper]   Redirected STDIN: 'False'
[2025-10-24 13:16:42Z INFO ProcessInvokerWrapper]   Persist current code page: 'False'
[2025-10-24 13:16:42Z INFO ProcessInvokerWrapper]   Keep redirected STDIN open: 'False'
[2025-10-24 13:16:42Z INFO ProcessInvokerWrapper]   High priority process: 'True'
[2025-10-24 13:16:42Z INFO ProcessInvokerWrapper] Process started with process id 32736, waiting for process exit.
[2025-10-24 13:16:42Z INFO JobDispatcher] Send job request message to worker for job f301f59c-ef30-5457-b73e-1090fdb7b125.
[2025-10-24 13:16:42Z INFO ProcessChannel] Sending message of length 43236, with hash '00624f974ab31b830687bc5884251b97ee6b482f400eda040ad4da1b97606019'
[2025-10-24 13:16:42Z INFO JobNotification] Entering JobStarted Notification
[2025-10-24 13:16:42Z INFO JobNotification] Entering StartMonitor
[2025-10-24 13:16:52Z INFO ProcessInvokerWrapper] STDOUT/STDERR stream read finished.
[2025-10-24 13:16:52Z INFO ProcessInvokerWrapper] STDOUT/STDERR stream read finished.
[2025-10-24 13:16:52Z INFO ProcessInvokerWrapper] Finished process 32736 with exit code 102, and elapsed time 00:00:10.5820991.
[2025-10-24 13:16:52Z INFO JobDispatcher] Worker finished for job f301f59c-ef30-5457-b73e-1090fdb7b125. Code: 102
[2025-10-24 13:16:52Z INFO JobDispatcher] finish job request for job f301f59c-ef30-5457-b73e-1090fdb7b125 with result: Failed
[2025-10-24 13:16:52Z INFO Terminal] WRITE LINE: 2025-10-24 13:16:52Z: Job semgrep completed with result: Failed
[2025-10-24 13:16:52Z INFO JobDispatcher] Stop renew job request for job f301f59c-ef30-5457-b73e-1090fdb7b125.
[2025-10-24 13:16:52Z INFO JobDispatcher] job renew has been cancelled, stop renew job f301f59c-ef30-5457-b73e-1090fdb7b125.
[2025-10-24 13:16:52Z INFO JobNotification] Entering JobCompleted Notification
[2025-10-24 13:16:52Z INFO JobNotification] Entering EndMonitor
[2025-10-24 13:16:52Z INFO BrokerMessageListener] Received job status event. JobState: Online
[2025-10-24 13:16:52Z WARN GitHubActionsService] GET request to https://broker.actions.githubusercontent.com/message?sessionId=0a6d34c0-ad44-4d83-ac76-7f3e6be71cb0&status=Busy&runnerVersion=2.329.0&os=Windows&architecture=X64&disableUpdate=false has been cancelled.
[2025-10-24 13:16:52Z ERR  BrokerServer] Catch exception during request
[2025-10-24 13:16:53Z ERR  BrokerServer] System.Threading.Tasks.TaskCanceledException: The operation was canceled.
 ---> System.Threading.Tasks.TaskCanceledException: The operation was canceled.
 ---> System.IO.IOException: Unable to read data from the transport connection: L’opération d’entrée/sortie a été abandonnée en raison de l’arrêt d’un thread ou à la demande d’une application..
 ---> System.Net.Sockets.SocketException (995): L’opération d’entrée/sortie a été abandonnée en raison de l’arrêt d’un thread ou à la demande d’une application.
   --- End of inner exception stack trace ---
   at System.Net.Sockets.Socket.AwaitableSocketAsyncEventArgs.ThrowException(SocketError error, CancellationToken cancellationToken)
   at System.Net.Sockets.Socket.AwaitableSocketAsyncEventArgs.System.Threading.Tasks.Sources.IValueTaskSource<System.Int32>.GetResult(Int16 token)
   at System.Net.Security.SslStream.EnsureFullTlsFrameAsync[TIOAdapter](CancellationToken cancellationToken, Int32 estimatedSize)
   at System.Runtime.CompilerServices.PoolingAsyncValueTaskMethodBuilder`1.StateMachineBox`1.System.Threading.Tasks.Sources.IValueTaskSource<TResult>.GetResult(Int16 token)
   at System.Net.Security.SslStream.ReadAsyncInternal[TIOAdapter](Memory`1 buffer, CancellationToken cancellationToken)
   at System.Runtime.CompilerServices.PoolingAsyncValueTaskMethodBuilder`1.StateMachineBox`1.System.Threading.Tasks.Sources.IValueTaskSource<TResult>.GetResult(Int16 token)
   at System.Net.Http.HttpConnection.InitialFillAsync(Boolean async)
   at System.Net.Http.HttpConnection.SendAsync(HttpRequestMessage request, Boolean async, CancellationToken cancellationToken)
   --- End of inner exception stack trace ---
   at System.Net.Http.HttpConnection.SendAsync(HttpRequestMessage request, Boolean async, CancellationToken cancellationToken)
   at System.Net.Http.AuthenticationHelper.SendWithNtAuthAsync(HttpRequestMessage request, Uri authUri, Boolean async, ICredentials credentials, Boolean isProxyAuth, HttpConnection connection, HttpConnectionPool connectionPool, CancellationToken cancellationToken)
   at System.Net.Http.HttpConnectionPool.SendWithVersionDetectionAndRetryAsync(HttpRequestMessage request, Boolean async, Boolean doRequestAuth, CancellationToken cancellationToken)
   at System.Net.Http.AuthenticationHelper.SendWithAuthAsync(HttpRequestMessage request, Uri authUri, Boolean async, ICredentials credentials, Boolean preAuthenticate, Boolean isProxyAuth, Boolean doRequestAuth, HttpConnectionPool pool, CancellationToken cancellationToken)
   at System.Net.Http.RedirectHandler.SendAsync(HttpRequestMessage request, Boolean async, CancellationToken cancellationToken)
   at GitHub.Services.Common.RawHttpMessageHandler.SendAsync(HttpRequestMessage request, CancellationToken cancellationToken)
   at GitHub.Services.Common.VssHttpRetryMessageHandler.SendAsync(HttpRequestMessage request, CancellationToken cancellationToken)
   at System.Net.Http.HttpClient.<SendAsync>g__Core|83_0(HttpRequestMessage request, HttpCompletionOption completionOption, CancellationTokenSource cts, Boolean disposeCts, CancellationTokenSource pendingRequestsCts, CancellationToken originalCancellationToken)
   --- End of inner exception stack trace ---
   at System.Net.Http.HttpClient.HandleFailure(Exception e, Boolean telemetryStarted, HttpResponseMessage response, CancellationTokenSource cts, CancellationToken cancellationToken, CancellationTokenSource pendingRequestsCts)
   at System.Net.Http.HttpClient.<SendAsync>g__Core|83_0(HttpRequestMessage request, HttpCompletionOption completionOption, CancellationTokenSource cts, Boolean disposeCts, CancellationTokenSource pendingRequestsCts, CancellationToken originalCancellationToken)
   at Sdk.WebApi.WebApi.RawHttpClientBase.SendAsync(HttpRequestMessage message, HttpCompletionOption completionOption, Object userState, CancellationToken cancellationToken)
   at Sdk.WebApi.WebApi.RawHttpClientBase.SendAsync[T](HttpRequestMessage message, Boolean readErrorBody, Object userState, CancellationToken cancellationToken)
   at Sdk.WebApi.WebApi.RawHttpClientBase.SendAsync[T](HttpMethod method, IEnumerable`1 additionalHeaders, Uri requestUri, HttpContent content, IEnumerable`1 queryParameters, Boolean readErrorBody, Object userState, CancellationToken cancellationToken)
   at GitHub.Actions.RunService.WebApi.BrokerHttpClient.GetRunnerMessageAsync(Nullable`1 sessionId, String runnerVersion, Nullable`1 status, String os, String architecture, Nullable`1 disableUpdate, CancellationToken cancellationToken)
   at GitHub.Runner.Common.BrokerServer.<>c__DisplayClass7_0.<<GetRunnerMessageAsync>b__0>d.MoveNext()
--- End of stack trace from previous location ---
   at GitHub.Runner.Common.RunnerService.RetryRequest[T](Func`1 func, CancellationToken cancellationToken, Int32 maxAttempts, Func`2 shouldRetry)
[2025-10-24 13:16:53Z ERR  BrokerServer] #####################################################
[2025-10-24 13:16:53Z ERR  BrokerServer] System.Threading.Tasks.TaskCanceledException: The operation was canceled.
 ---> System.IO.IOException: Unable to read data from the transport connection: L’opération d’entrée/sortie a été abandonnée en raison de l’arrêt d’un thread ou à la demande d’une application..
 ---> System.Net.Sockets.SocketException (995): L’opération d’entrée/sortie a été abandonnée en raison de l’arrêt d’un thread ou à la demande d’une application.
   --- End of inner exception stack trace ---
   at System.Net.Sockets.Socket.AwaitableSocketAsyncEventArgs.ThrowException(SocketError error, CancellationToken cancellationToken)
   at System.Net.Sockets.Socket.AwaitableSocketAsyncEventArgs.System.Threading.Tasks.Sources.IValueTaskSource<System.Int32>.GetResult(Int16 token)
   at System.Net.Security.SslStream.EnsureFullTlsFrameAsync[TIOAdapter](CancellationToken cancellationToken, Int32 estimatedSize)
   at System.Runtime.CompilerServices.PoolingAsyncValueTaskMethodBuilder`1.StateMachineBox`1.System.Threading.Tasks.Sources.IValueTaskSource<TResult>.GetResult(Int16 token)
   at System.Net.Security.SslStream.ReadAsyncInternal[TIOAdapter](Memory`1 buffer, CancellationToken cancellationToken)
   at System.Runtime.CompilerServices.PoolingAsyncValueTaskMethodBuilder`1.StateMachineBox`1.System.Threading.Tasks.Sources.IValueTaskSource<TResult>.GetResult(Int16 token)
   at System.Net.Http.HttpConnection.InitialFillAsync(Boolean async)
   at System.Net.Http.HttpConnection.SendAsync(HttpRequestMessage request, Boolean async, CancellationToken cancellationToken)
   --- End of inner exception stack trace ---
   at System.Net.Http.HttpConnection.SendAsync(HttpRequestMessage request, Boolean async, CancellationToken cancellationToken)
   at System.Net.Http.AuthenticationHelper.SendWithNtAuthAsync(HttpRequestMessage request, Uri authUri, Boolean async, ICredentials credentials, Boolean isProxyAuth, HttpConnection connection, HttpConnectionPool connectionPool, CancellationToken cancellationToken)
   at System.Net.Http.HttpConnectionPool.SendWithVersionDetectionAndRetryAsync(HttpRequestMessage request, Boolean async, Boolean doRequestAuth, CancellationToken cancellationToken)
   at System.Net.Http.AuthenticationHelper.SendWithAuthAsync(HttpRequestMessage request, Uri authUri, Boolean async, ICredentials credentials, Boolean preAuthenticate, Boolean isProxyAuth, Boolean doRequestAuth, HttpConnectionPool pool, CancellationToken cancellationToken)
   at System.Net.Http.RedirectHandler.SendAsync(HttpRequestMessage request, Boolean async, CancellationToken cancellationToken)
   at GitHub.Services.Common.RawHttpMessageHandler.SendAsync(HttpRequestMessage request, CancellationToken cancellationToken)
   at GitHub.Services.Common.VssHttpRetryMessageHandler.SendAsync(HttpRequestMessage request, CancellationToken cancellationToken)
   at System.Net.Http.HttpClient.<SendAsync>g__Core|83_0(HttpRequestMessage request, HttpCompletionOption completionOption, CancellationTokenSource cts, Boolean disposeCts, CancellationTokenSource pendingRequestsCts, CancellationToken originalCancellationToken)
[2025-10-24 13:16:53Z ERR  BrokerServer] #####################################################
[2025-10-24 13:16:53Z ERR  BrokerServer] System.IO.IOException: Unable to read data from the transport connection: L’opération d’entrée/sortie a été abandonnée en raison de l’arrêt d’un thread ou à la demande d’une application..
 ---> System.Net.Sockets.SocketException (995): L’opération d’entrée/sortie a été abandonnée en raison de l’arrêt d’un thread ou à la demande d’une application.
   --- End of inner exception stack trace ---
   at System.Net.Sockets.Socket.AwaitableSocketAsyncEventArgs.ThrowException(SocketError error, CancellationToken cancellationToken)
   at System.Net.Sockets.Socket.AwaitableSocketAsyncEventArgs.System.Threading.Tasks.Sources.IValueTaskSource<System.Int32>.GetResult(Int16 token)
   at System.Net.Security.SslStream.EnsureFullTlsFrameAsync[TIOAdapter](CancellationToken cancellationToken, Int32 estimatedSize)
   at System.Runtime.CompilerServices.PoolingAsyncValueTaskMethodBuilder`1.StateMachineBox`1.System.Threading.Tasks.Sources.IValueTaskSource<TResult>.GetResult(Int16 token)
   at System.Net.Security.SslStream.ReadAsyncInternal[TIOAdapter](Memory`1 buffer, CancellationToken cancellationToken)
   at System.Runtime.CompilerServices.PoolingAsyncValueTaskMethodBuilder`1.StateMachineBox`1.System.Threading.Tasks.Sources.IValueTaskSource<TResult>.GetResult(Int16 token)
   at System.Net.Http.HttpConnection.InitialFillAsync(Boolean async)
   at System.Net.Http.HttpConnection.SendAsync(HttpRequestMessage request, Boolean async, CancellationToken cancellationToken)
[2025-10-24 13:16:53Z ERR  BrokerServer] #####################################################
[2025-10-24 13:16:53Z ERR  BrokerServer] System.Net.Sockets.SocketException (995): L’opération d’entrée/sortie a été abandonnée en raison de l’arrêt d’un thread ou à la demande d’une application.
[2025-10-24 13:16:53Z WARN BrokerServer] Back off 8,428 seconds before next retry. 4 attempt left.
[2025-10-24 13:16:53Z INFO BrokerMessageListener] Get messages has been cancelled using local token source. Continue to get messages with new status.
[2025-10-24 13:16:53Z INFO ConfigurationStore] HasCredentials()
[2025-10-24 13:16:53Z INFO ConfigurationStore] stored True
[2025-10-24 13:16:53Z INFO CredentialManager] GetCredentialProvider
[2025-10-24 13:16:53Z INFO CredentialManager] Creating type OAuth
[2025-10-24 13:16:53Z INFO CredentialManager] Creating credential type: OAuth
[2025-10-24 13:16:53Z INFO RSAEncryptedFileKeyManager] Loading RSA key parameters from file C:\Users\paulo\server\vuln-server\actions-runner\.credentials_rsaparams
[2025-10-24 13:16:53Z INFO RSAEncryptedFileKeyManager] Loading RSA key parameters from file C:\Users\paulo\server\vuln-server\actions-runner\.credentials_rsaparams
[2025-10-24 13:16:53Z INFO RSAEncryptedFileKeyManager] Loading RSA key parameters from file C:\Users\paulo\server\vuln-server\actions-runner\.credentials_rsaparams
[2025-10-24 13:16:53Z INFO GitHubActionsService] AAD Correlation ID for this token request: Unknown
[2025-10-24 13:16:54Z INFO JobDispatcher] Job request 0 for plan c3c2e88e-3597-48a5-b19c-3b8c7af88187 job 9725fc8f-af00-5ad7-b39b-b6f226d2bab4 received.
[2025-10-24 13:16:54Z INFO JobDispatcher] Pull OrchestrationId c3c2e88e-3597-48a5-b19c-3b8c7af88187.semgrep.__default from JWT claims
[2025-10-24 13:16:54Z INFO BrokerMessageListener] Received job status event. JobState: Busy
[2025-10-24 13:16:54Z INFO BrokerMessageListener] _getMessagesTokenSource is already disposed.
[2025-10-24 13:16:54Z INFO JobDispatcher] Job request f301f59c-ef30-5457-b73e-1090fdb7b125 processed succeed.
[2025-10-24 13:16:54Z INFO Terminal] WRITE LINE: 2025-10-24 13:16:54Z: Running job: semgrep
[2025-10-24 13:16:54Z INFO JobDispatcher] Start renew job request 0 for job 9725fc8f-af00-5ad7-b39b-b6f226d2bab4.
[2025-10-24 13:16:55Z INFO JobDispatcher] Successfully renew job 9725fc8f-af00-5ad7-b39b-b6f226d2bab4, job is valid till 24/10/2025 13:26:54
[2025-10-24 13:16:55Z INFO HostContext] Well known directory 'Bin': 'C:\Users\paulo\server\vuln-server\actions-runner\bin'
[2025-10-24 13:16:55Z INFO ProcessInvokerWrapper] Starting process:
[2025-10-24 13:16:55Z INFO ProcessInvokerWrapper]   File name: 'C:\Users\paulo\server\vuln-server\actions-runner\bin\Runner.Worker.exe'
[2025-10-24 13:16:55Z INFO ProcessInvokerWrapper]   Arguments: 'spawnclient 1664 1392'
[2025-10-24 13:16:55Z INFO ProcessInvokerWrapper]   Working directory: 'C:\Users\paulo\server\vuln-server\actions-runner\bin'
[2025-10-24 13:16:55Z INFO ProcessInvokerWrapper]   Require exit code zero: 'False'
[2025-10-24 13:16:55Z INFO ProcessInvokerWrapper]   Encoding web name:  ; code page: ''
[2025-10-24 13:16:55Z INFO ProcessInvokerWrapper]   Force kill process on cancellation: 'True'
[2025-10-24 13:16:55Z INFO ProcessInvokerWrapper]   Redirected STDIN: 'False'
[2025-10-24 13:16:55Z INFO ProcessInvokerWrapper]   Persist current code page: 'False'
[2025-10-24 13:16:55Z INFO ProcessInvokerWrapper]   Keep redirected STDIN open: 'False'
[2025-10-24 13:16:55Z INFO ProcessInvokerWrapper]   High priority process: 'True'
[2025-10-24 13:16:55Z INFO ProcessInvokerWrapper] Process started with process id 20280, waiting for process exit.
[2025-10-24 13:16:55Z INFO JobDispatcher] Send job request message to worker for job 9725fc8f-af00-5ad7-b39b-b6f226d2bab4.
[2025-10-24 13:16:55Z INFO ProcessChannel] Sending message of length 43236, with hash 'f6570a32e68e6ace81f03164125f93c247372bbb5ab6677925632e5c6ba46783'
[2025-10-24 13:16:55Z INFO JobNotification] Entering JobStarted Notification
[2025-10-24 13:16:55Z INFO JobNotification] Entering StartMonitor
[2025-10-24 13:17:02Z INFO ProcessInvokerWrapper] STDOUT/STDERR stream read finished.
[2025-10-24 13:17:02Z INFO ProcessInvokerWrapper] STDOUT/STDERR stream read finished.
[2025-10-24 13:17:02Z INFO ProcessInvokerWrapper] Finished process 20280 with exit code 102, and elapsed time 00:00:07.6689706.
[2025-10-24 13:17:02Z INFO JobDispatcher] Worker finished for job 9725fc8f-af00-5ad7-b39b-b6f226d2bab4. Code: 102
[2025-10-24 13:17:02Z INFO JobDispatcher] finish job request for job 9725fc8f-af00-5ad7-b39b-b6f226d2bab4 with result: Failed
[2025-10-24 13:17:02Z INFO Terminal] WRITE LINE: 2025-10-24 13:17:02Z: Job semgrep completed with result: Failed
[2025-10-24 13:17:02Z INFO JobDispatcher] Stop renew job request for job 9725fc8f-af00-5ad7-b39b-b6f226d2bab4.
[2025-10-24 13:17:02Z INFO JobDispatcher] job renew has been cancelled, stop renew job 9725fc8f-af00-5ad7-b39b-b6f226d2bab4.
[2025-10-24 13:17:02Z INFO JobNotification] Entering JobCompleted Notification
[2025-10-24 13:17:02Z INFO JobNotification] Entering EndMonitor
[2025-10-24 13:17:02Z INFO BrokerMessageListener] Received job status event. JobState: Online
[2025-10-24 13:17:02Z WARN GitHubActionsService] GET request to https://broker.actions.githubusercontent.com/message?sessionId=0a6d34c0-ad44-4d83-ac76-7f3e6be71cb0&status=Busy&runnerVersion=2.329.0&os=Windows&architecture=X64&disableUpdate=false has been cancelled.
[2025-10-24 13:17:02Z ERR  BrokerServer] Catch exception during request
[2025-10-24 13:17:02Z ERR  BrokerServer] System.Threading.Tasks.TaskCanceledException: The operation was canceled.
 ---> System.Threading.Tasks.TaskCanceledException: The operation was canceled.
 ---> System.IO.IOException: Unable to read data from the transport connection: L’opération d’entrée/sortie a été abandonnée en raison de l’arrêt d’un thread ou à la demande d’une application..
 ---> System.Net.Sockets.SocketException (995): L’opération d’entrée/sortie a été abandonnée en raison de l’arrêt d’un thread ou à la demande d’une application.
   --- End of inner exception stack trace ---
   at System.Net.Sockets.Socket.AwaitableSocketAsyncEventArgs.ThrowException(SocketError error, CancellationToken cancellationToken)
   at System.Net.Sockets.Socket.AwaitableSocketAsyncEventArgs.System.Threading.Tasks.Sources.IValueTaskSource<System.Int32>.GetResult(Int16 token)
   at System.Net.Security.SslStream.EnsureFullTlsFrameAsync[TIOAdapter](CancellationToken cancellationToken, Int32 estimatedSize)
   at System.Runtime.CompilerServices.PoolingAsyncValueTaskMethodBuilder`1.StateMachineBox`1.System.Threading.Tasks.Sources.IValueTaskSource<TResult>.GetResult(Int16 token)
   at System.Net.Security.SslStream.ReadAsyncInternal[TIOAdapter](Memory`1 buffer, CancellationToken cancellationToken)
   at System.Runtime.CompilerServices.PoolingAsyncValueTaskMethodBuilder`1.StateMachineBox`1.System.Threading.Tasks.Sources.IValueTaskSource<TResult>.GetResult(Int16 token)
   at System.Net.Http.HttpConnection.SendAsync(HttpRequestMessage request, Boolean async, CancellationToken cancellationToken)
   --- End of inner exception stack trace ---
   at System.Net.Http.HttpConnection.SendAsync(HttpRequestMessage request, Boolean async, CancellationToken cancellationToken)
   at System.Net.Http.AuthenticationHelper.SendWithNtAuthAsync(HttpRequestMessage request, Uri authUri, Boolean async, ICredentials credentials, Boolean isProxyAuth, HttpConnection connection, HttpConnectionPool connectionPool, CancellationToken cancellationToken)
   at System.Net.Http.HttpConnectionPool.SendWithVersionDetectionAndRetryAsync(HttpRequestMessage request, Boolean async, Boolean doRequestAuth, CancellationToken cancellationToken)
   at System.Net.Http.AuthenticationHelper.SendWithAuthAsync(HttpRequestMessage request, Uri authUri, Boolean async, ICredentials credentials, Boolean preAuthenticate, Boolean isProxyAuth, Boolean doRequestAuth, HttpConnectionPool pool, CancellationToken cancellationToken)
   at System.Net.Http.RedirectHandler.SendAsync(HttpRequestMessage request, Boolean async, CancellationToken cancellationToken)
   at GitHub.Services.Common.RawHttpMessageHandler.SendAsync(HttpRequestMessage request, CancellationToken cancellationToken)
   at GitHub.Services.Common.VssHttpRetryMessageHandler.SendAsync(HttpRequestMessage request, CancellationToken cancellationToken)
   at System.Net.Http.HttpClient.<SendAsync>g__Core|83_0(HttpRequestMessage request, HttpCompletionOption completionOption, CancellationTokenSource cts, Boolean disposeCts, CancellationTokenSource pendingRequestsCts, CancellationToken originalCancellationToken)
   --- End of inner exception stack trace ---
   at System.Net.Http.HttpClient.HandleFailure(Exception e, Boolean telemetryStarted, HttpResponseMessage response, CancellationTokenSource cts, CancellationToken cancellationToken, CancellationTokenSource pendingRequestsCts)
   at System.Net.Http.HttpClient.<SendAsync>g__Core|83_0(HttpRequestMessage request, HttpCompletionOption completionOption, CancellationTokenSource cts, Boolean disposeCts, CancellationTokenSource pendingRequestsCts, CancellationToken originalCancellationToken)
   at Sdk.WebApi.WebApi.RawHttpClientBase.SendAsync(HttpRequestMessage message, HttpCompletionOption completionOption, Object userState, CancellationToken cancellationToken)
   at Sdk.WebApi.WebApi.RawHttpClientBase.SendAsync[T](HttpRequestMessage message, Boolean readErrorBody, Object userState, CancellationToken cancellationToken)
   at Sdk.WebApi.WebApi.RawHttpClientBase.SendAsync[T](HttpMethod method, IEnumerable`1 additionalHeaders, Uri requestUri, HttpContent content, IEnumerable`1 queryParameters, Boolean readErrorBody, Object userState, CancellationToken cancellationToken)
   at GitHub.Actions.RunService.WebApi.BrokerHttpClient.GetRunnerMessageAsync(Nullable`1 sessionId, String runnerVersion, Nullable`1 status, String os, String architecture, Nullable`1 disableUpdate, CancellationToken cancellationToken)
   at GitHub.Runner.Common.BrokerServer.<>c__DisplayClass7_0.<<GetRunnerMessageAsync>b__0>d.MoveNext()
--- End of stack trace from previous location ---
   at GitHub.Runner.Common.RunnerService.RetryRequest[T](Func`1 func, CancellationToken cancellationToken, Int32 maxAttempts, Func`2 shouldRetry)
[2025-10-24 13:17:02Z ERR  BrokerServer] #####################################################
[2025-10-24 13:17:02Z ERR  BrokerServer] System.Threading.Tasks.TaskCanceledException: The operation was canceled.
 ---> System.IO.IOException: Unable to read data from the transport connection: L’opération d’entrée/sortie a été abandonnée en raison de l’arrêt d’un thread ou à la demande d’une application..
 ---> System.Net.Sockets.SocketException (995): L’opération d’entrée/sortie a été abandonnée en raison de l’arrêt d’un thread ou à la demande d’une application.
   --- End of inner exception stack trace ---
   at System.Net.Sockets.Socket.AwaitableSocketAsyncEventArgs.ThrowException(SocketError error, CancellationToken cancellationToken)
   at System.Net.Sockets.Socket.AwaitableSocketAsyncEventArgs.System.Threading.Tasks.Sources.IValueTaskSource<System.Int32>.GetResult(Int16 token)
   at System.Net.Security.SslStream.EnsureFullTlsFrameAsync[TIOAdapter](CancellationToken cancellationToken, Int32 estimatedSize)
   at System.Runtime.CompilerServices.PoolingAsyncValueTaskMethodBuilder`1.StateMachineBox`1.System.Threading.Tasks.Sources.IValueTaskSource<TResult>.GetResult(Int16 token)
   at System.Net.Security.SslStream.ReadAsyncInternal[TIOAdapter](Memory`1 buffer, CancellationToken cancellationToken)
   at System.Runtime.CompilerServices.PoolingAsyncValueTaskMethodBuilder`1.StateMachineBox`1.System.Threading.Tasks.Sources.IValueTaskSource<TResult>.GetResult(Int16 token)
   at System.Net.Http.HttpConnection.SendAsync(HttpRequestMessage request, Boolean async, CancellationToken cancellationToken)
   --- End of inner exception stack trace ---
   at System.Net.Http.HttpConnection.SendAsync(HttpRequestMessage request, Boolean async, CancellationToken cancellationToken)
   at System.Net.Http.AuthenticationHelper.SendWithNtAuthAsync(HttpRequestMessage request, Uri authUri, Boolean async, ICredentials credentials, Boolean isProxyAuth, HttpConnection connection, HttpConnectionPool connectionPool, CancellationToken cancellationToken)
   at System.Net.Http.HttpConnectionPool.SendWithVersionDetectionAndRetryAsync(HttpRequestMessage request, Boolean async, Boolean doRequestAuth, CancellationToken cancellationToken)
   at System.Net.Http.AuthenticationHelper.SendWithAuthAsync(HttpRequestMessage request, Uri authUri, Boolean async, ICredentials credentials, Boolean preAuthenticate, Boolean isProxyAuth, Boolean doRequestAuth, HttpConnectionPool pool, CancellationToken cancellationToken)
   at System.Net.Http.RedirectHandler.SendAsync(HttpRequestMessage request, Boolean async, CancellationToken cancellationToken)
   at GitHub.Services.Common.RawHttpMessageHandler.SendAsync(HttpRequestMessage request, CancellationToken cancellationToken)
   at GitHub.Services.Common.VssHttpRetryMessageHandler.SendAsync(HttpRequestMessage request, CancellationToken cancellationToken)
   at System.Net.Http.HttpClient.<SendAsync>g__Core|83_0(HttpRequestMessage request, HttpCompletionOption completionOption, CancellationTokenSource cts, Boolean disposeCts, CancellationTokenSource pendingRequestsCts, CancellationToken originalCancellationToken)
[2025-10-24 13:17:02Z ERR  BrokerServer] #####################################################
[2025-10-24 13:17:02Z ERR  BrokerServer] System.IO.IOException: Unable to read data from the transport connection: L’opération d’entrée/sortie a été abandonnée en raison de l’arrêt d’un thread ou à la demande d’une application..
 ---> System.Net.Sockets.SocketException (995): L’opération d’entrée/sortie a été abandonnée en raison de l’arrêt d’un thread ou à la demande d’une application.
   --- End of inner exception stack trace ---
   at System.Net.Sockets.Socket.AwaitableSocketAsyncEventArgs.ThrowException(SocketError error, CancellationToken cancellationToken)
   at System.Net.Sockets.Socket.AwaitableSocketAsyncEventArgs.System.Threading.Tasks.Sources.IValueTaskSource<System.Int32>.GetResult(Int16 token)
   at System.Net.Security.SslStream.EnsureFullTlsFrameAsync[TIOAdapter](CancellationToken cancellationToken, Int32 estimatedSize)
   at System.Runtime.CompilerServices.PoolingAsyncValueTaskMethodBuilder`1.StateMachineBox`1.System.Threading.Tasks.Sources.IValueTaskSource<TResult>.GetResult(Int16 token)
   at System.Net.Security.SslStream.ReadAsyncInternal[TIOAdapter](Memory`1 buffer, CancellationToken cancellationToken)
   at System.Runtime.CompilerServices.PoolingAsyncValueTaskMethodBuilder`1.StateMachineBox`1.System.Threading.Tasks.Sources.IValueTaskSource<TResult>.GetResult(Int16 token)
   at System.Net.Http.HttpConnection.SendAsync(HttpRequestMessage request, Boolean async, CancellationToken cancellationToken)
[2025-10-24 13:17:02Z ERR  BrokerServer] #####################################################
[2025-10-24 13:17:02Z ERR  BrokerServer] System.Net.Sockets.SocketException (995): L’opération d’entrée/sortie a été abandonnée en raison de l’arrêt d’un thread ou à la demande d’une application.
[2025-10-24 13:17:02Z WARN BrokerServer] Back off 7,369 seconds before next retry. 4 attempt left.
[2025-10-24 13:17:02Z INFO BrokerMessageListener] Get messages has been cancelled using local token source. Continue to get messages with new status.
[2025-10-24 13:21:56Z INFO ConfigurationStore] HasCredentials()
[2025-10-24 13:21:56Z INFO ConfigurationStore] stored True
[2025-10-24 13:21:56Z INFO CredentialManager] GetCredentialProvider
[2025-10-24 13:21:56Z INFO CredentialManager] Creating type OAuth
[2025-10-24 13:21:56Z INFO CredentialManager] Creating credential type: OAuth
[2025-10-24 13:21:56Z INFO RSAEncryptedFileKeyManager] Loading RSA key parameters from file C:\Users\paulo\server\vuln-server\actions-runner\.credentials_rsaparams
[2025-10-24 13:21:56Z INFO RSAEncryptedFileKeyManager] Loading RSA key parameters from file C:\Users\paulo\server\vuln-server\actions-runner\.credentials_rsaparams
[2025-10-24 13:21:56Z INFO RSAEncryptedFileKeyManager] Loading RSA key parameters from file C:\Users\paulo\server\vuln-server\actions-runner\.credentials_rsaparams
[2025-10-24 13:21:56Z INFO GitHubActionsService] AAD Correlation ID for this token request: Unknown
[2025-10-24 13:21:57Z INFO JobDispatcher] Job request 0 for plan 56884b80-49de-41fc-adf7-2b7b2f0839c4 job 05a7a903-7ade-50a6-a177-4989eb8cfa5a received.
[2025-10-24 13:21:57Z INFO JobDispatcher] Pull OrchestrationId 56884b80-49de-41fc-adf7-2b7b2f0839c4.semgrep.__default from JWT claims
[2025-10-24 13:21:57Z INFO BrokerMessageListener] Received job status event. JobState: Busy
[2025-10-24 13:21:57Z INFO BrokerMessageListener] _getMessagesTokenSource is already disposed.
[2025-10-24 13:21:57Z INFO JobDispatcher] Job request 9725fc8f-af00-5ad7-b39b-b6f226d2bab4 processed succeed.
[2025-10-24 13:21:57Z INFO Terminal] WRITE LINE: 2025-10-24 13:21:57Z: Running job: semgrep
[2025-10-24 13:21:57Z INFO JobDispatcher] Start renew job request 0 for job 05a7a903-7ade-50a6-a177-4989eb8cfa5a.
[2025-10-24 13:21:57Z INFO JobDispatcher] Successfully renew job 05a7a903-7ade-50a6-a177-4989eb8cfa5a, job is valid till 24/10/2025 13:31:57
[2025-10-24 13:21:57Z INFO HostContext] Well known directory 'Bin': 'C:\Users\paulo\server\vuln-server\actions-runner\bin'
[2025-10-24 13:21:57Z INFO ProcessInvokerWrapper] Starting process:
[2025-10-24 13:21:57Z INFO ProcessInvokerWrapper]   File name: 'C:\Users\paulo\server\vuln-server\actions-runner\bin\Runner.Worker.exe'
[2025-10-24 13:21:57Z INFO ProcessInvokerWrapper]   Arguments: 'spawnclient 2108 2336'
[2025-10-24 13:21:57Z INFO ProcessInvokerWrapper]   Working directory: 'C:\Users\paulo\server\vuln-server\actions-runner\bin'
[2025-10-24 13:21:57Z INFO ProcessInvokerWrapper]   Require exit code zero: 'False'
[2025-10-24 13:21:57Z INFO ProcessInvokerWrapper]   Encoding web name:  ; code page: ''
[2025-10-24 13:21:57Z INFO ProcessInvokerWrapper]   Force kill process on cancellation: 'True'
[2025-10-24 13:21:57Z INFO ProcessInvokerWrapper]   Redirected STDIN: 'False'
[2025-10-24 13:21:57Z INFO ProcessInvokerWrapper]   Persist current code page: 'False'
[2025-10-24 13:21:57Z INFO ProcessInvokerWrapper]   Keep redirected STDIN open: 'False'
[2025-10-24 13:21:57Z INFO ProcessInvokerWrapper]   High priority process: 'True'
[2025-10-24 13:21:57Z INFO ProcessInvokerWrapper] Process started with process id 42356, waiting for process exit.
[2025-10-24 13:21:57Z INFO JobDispatcher] Send job request message to worker for job 05a7a903-7ade-50a6-a177-4989eb8cfa5a.
[2025-10-24 13:21:57Z INFO ProcessChannel] Sending message of length 43241, with hash '2bb688b4713bd87d1e1448700273ea392b13a689c497805f3ade80bc39494c44'
[2025-10-24 13:21:58Z INFO JobNotification] Entering JobStarted Notification
[2025-10-24 13:21:58Z INFO JobNotification] Entering StartMonitor
[2025-10-24 13:22:02Z INFO Terminal] WRITE LINE: Exiting...
[2025-10-24 13:22:02Z INFO ConfigurationStore] IsServiceConfigured()
[2025-10-24 13:22:02Z INFO ConfigurationStore] IsServiceConfigured: False
[2025-10-24 13:22:02Z INFO HostContext] Runner will be shutdown for UserCancelled
[2025-10-24 13:22:02Z WARN GitHubActionsService] GET request to https://broker.actions.githubusercontent.com/message?sessionId=0a6d34c0-ad44-4d83-ac76-7f3e6be71cb0&status=Busy&runnerVersion=2.329.0&os=Windows&architecture=X64&disableUpdate=false has been cancelled.
[2025-10-24 13:22:02Z ERR  BrokerServer] Catch exception during request
[2025-10-24 13:22:02Z ERR  BrokerServer] System.Threading.Tasks.TaskCanceledException: The operation was canceled.
 ---> System.Threading.Tasks.TaskCanceledException: The operation was canceled.
 ---> System.IO.IOException: Unable to read data from the transport connection: L’opération d’entrée/sortie a été abandonnée en raison de l’arrêt d’un thread ou à la demande d’une application..
 ---> System.Net.Sockets.SocketException (995): L’opération d’entrée/sortie a été abandonnée en raison de l’arrêt d’un thread ou à la demande d’une application.
   --- End of inner exception stack trace ---
   at System.Net.Sockets.Socket.AwaitableSocketAsyncEventArgs.System.Threading.Tasks.Sources.IValueTaskSource<System.Int32>.GetResult(Int16 token)
   at System.Net.Security.SslStream.EnsureFullTlsFrameAsync[TIOAdapter](CancellationToken cancellationToken, Int32 estimatedSize)
   at System.Runtime.CompilerServices.PoolingAsyncValueTaskMethodBuilder`1.StateMachineBox`1.System.Threading.Tasks.Sources.IValueTaskSource<TResult>.GetResult(Int16 token)
   at System.Net.Security.SslStream.ReadAsyncInternal[TIOAdapter](Memory`1 buffer, CancellationToken cancellationToken)
   at System.Runtime.CompilerServices.PoolingAsyncValueTaskMethodBuilder`1.StateMachineBox`1.System.Threading.Tasks.Sources.IValueTaskSource<TResult>.GetResult(Int16 token)
   at System.Net.Http.HttpConnection.<EnsureReadAheadTaskHasStarted>g__ReadAheadWithZeroByteReadAsync|40_0()
   at System.Net.Http.HttpConnection.SendAsync(HttpRequestMessage request, Boolean async, CancellationToken cancellationToken)
   --- End of inner exception stack trace ---
   at System.Net.Http.HttpConnection.SendAsync(HttpRequestMessage request, Boolean async, CancellationToken cancellationToken)
   at System.Net.Http.AuthenticationHelper.SendWithNtAuthAsync(HttpRequestMessage request, Uri authUri, Boolean async, ICredentials credentials, Boolean isProxyAuth, HttpConnection connection, HttpConnectionPool connectionPool, CancellationToken cancellationToken)
   at System.Net.Http.HttpConnectionPool.SendWithVersionDetectionAndRetryAsync(HttpRequestMessage request, Boolean async, Boolean doRequestAuth, CancellationToken cancellationToken)
   at System.Net.Http.AuthenticationHelper.SendWithAuthAsync(HttpRequestMessage request, Uri authUri, Boolean async, ICredentials credentials, Boolean preAuthenticate, Boolean isProxyAuth, Boolean doRequestAuth, HttpConnectionPool pool, CancellationToken cancellationToken)
   at System.Net.Http.RedirectHandler.SendAsync(HttpRequestMessage request, Boolean async, CancellationToken cancellationToken)
   at GitHub.Services.Common.RawHttpMessageHandler.SendAsync(HttpRequestMessage request, CancellationToken cancellationToken)
   at GitHub.Services.Common.VssHttpRetryMessageHandler.SendAsync(HttpRequestMessage request, CancellationToken cancellationToken)
   at System.Net.Http.HttpClient.<SendAsync>g__Core|83_0(HttpRequestMessage request, HttpCompletionOption completionOption, CancellationTokenSource cts, Boolean disposeCts, CancellationTokenSource pendingRequestsCts, CancellationToken originalCancellationToken)
   --- End of inner exception stack trace ---
   at System.Net.Http.HttpClient.HandleFailure(Exception e, Boolean telemetryStarted, HttpResponseMessage response, CancellationTokenSource cts, CancellationToken cancellationToken, CancellationTokenSource pendingRequestsCts)
   at System.Net.Http.HttpClient.<SendAsync>g__Core|83_0(HttpRequestMessage request, HttpCompletionOption completionOption, CancellationTokenSource cts, Boolean disposeCts, CancellationTokenSource pendingRequestsCts, CancellationToken originalCancellationToken)
   at Sdk.WebApi.WebApi.RawHttpClientBase.SendAsync(HttpRequestMessage message, HttpCompletionOption completionOption, Object userState, CancellationToken cancellationToken)
   at Sdk.WebApi.WebApi.RawHttpClientBase.SendAsync[T](HttpRequestMessage message, Boolean readErrorBody, Object userState, CancellationToken cancellationToken)
   at Sdk.WebApi.WebApi.RawHttpClientBase.SendAsync[T](HttpMethod method, IEnumerable`1 additionalHeaders, Uri requestUri, HttpContent content, IEnumerable`1 queryParameters, Boolean readErrorBody, Object userState, CancellationToken cancellationToken)
   at GitHub.Actions.RunService.WebApi.BrokerHttpClient.GetRunnerMessageAsync(Nullable`1 sessionId, String runnerVersion, Nullable`1 status, String os, String architecture, Nullable`1 disableUpdate, CancellationToken cancellationToken)
   at GitHub.Runner.Common.BrokerServer.<>c__DisplayClass7_0.<<GetRunnerMessageAsync>b__0>d.MoveNext()
--- End of stack trace from previous location ---
   at GitHub.Runner.Common.RunnerService.RetryRequest[T](Func`1 func, CancellationToken cancellationToken, Int32 maxAttempts, Func`2 shouldRetry)
[2025-10-24 13:22:02Z ERR  BrokerServer] #####################################################
[2025-10-24 13:22:02Z ERR  BrokerServer] System.Threading.Tasks.TaskCanceledException: The operation was canceled.
 ---> System.IO.IOException: Unable to read data from the transport connection: L’opération d’entrée/sortie a été abandonnée en raison de l’arrêt d’un thread ou à la demande d’une application..
 ---> System.Net.Sockets.SocketException (995): L’opération d’entrée/sortie a été abandonnée en raison de l’arrêt d’un thread ou à la demande d’une application.
   --- End of inner exception stack trace ---
   at System.Net.Sockets.Socket.AwaitableSocketAsyncEventArgs.System.Threading.Tasks.Sources.IValueTaskSource<System.Int32>.GetResult(Int16 token)
   at System.Net.Security.SslStream.EnsureFullTlsFrameAsync[TIOAdapter](CancellationToken cancellationToken, Int32 estimatedSize)
   at System.Runtime.CompilerServices.PoolingAsyncValueTaskMethodBuilder`1.StateMachineBox`1.System.Threading.Tasks.Sources.IValueTaskSource<TResult>.GetResult(Int16 token)
   at System.Net.Security.SslStream.ReadAsyncInternal[TIOAdapter](Memory`1 buffer, CancellationToken cancellationToken)
   at System.Runtime.CompilerServices.PoolingAsyncValueTaskMethodBuilder`1.StateMachineBox`1.System.Threading.Tasks.Sources.IValueTaskSource<TResult>.GetResult(Int16 token)
   at System.Net.Http.HttpConnection.<EnsureReadAheadTaskHasStarted>g__ReadAheadWithZeroByteReadAsync|40_0()
   at System.Net.Http.HttpConnection.SendAsync(HttpRequestMessage request, Boolean async, CancellationToken cancellationToken)
   --- End of inner exception stack trace ---
   at System.Net.Http.HttpConnection.SendAsync(HttpRequestMessage request, Boolean async, CancellationToken cancellationToken)
   at System.Net.Http.AuthenticationHelper.SendWithNtAuthAsync(HttpRequestMessage request, Uri authUri, Boolean async, ICredentials credentials, Boolean isProxyAuth, HttpConnection connection, HttpConnectionPool connectionPool, CancellationToken cancellationToken)
   at System.Net.Http.HttpConnectionPool.SendWithVersionDetectionAndRetryAsync(HttpRequestMessage request, Boolean async, Boolean doRequestAuth, CancellationToken cancellationToken)
   at System.Net.Http.AuthenticationHelper.SendWithAuthAsync(HttpRequestMessage request, Uri authUri, Boolean async, ICredentials credentials, Boolean preAuthenticate, Boolean isProxyAuth, Boolean doRequestAuth, HttpConnectionPool pool, CancellationToken cancellationToken)
   at System.Net.Http.RedirectHandler.SendAsync(HttpRequestMessage request, Boolean async, CancellationToken cancellationToken)
   at GitHub.Services.Common.RawHttpMessageHandler.SendAsync(HttpRequestMessage request, CancellationToken cancellationToken)
   at GitHub.Services.Common.VssHttpRetryMessageHandler.SendAsync(HttpRequestMessage request, CancellationToken cancellationToken)
   at System.Net.Http.HttpClient.<SendAsync>g__Core|83_0(HttpRequestMessage request, HttpCompletionOption completionOption, CancellationTokenSource cts, Boolean disposeCts, CancellationTokenSource pendingRequestsCts, CancellationToken originalCancellationToken)
[2025-10-24 13:22:02Z ERR  BrokerServer] #####################################################
[2025-10-24 13:22:02Z ERR  BrokerServer] System.IO.IOException: Unable to read data from the transport connection: L’opération d’entrée/sortie a été abandonnée en raison de l’arrêt d’un thread ou à la demande d’une application..
 ---> System.Net.Sockets.SocketException (995): L’opération d’entrée/sortie a été abandonnée en raison de l’arrêt d’un thread ou à la demande d’une application.
   --- End of inner exception stack trace ---
   at System.Net.Sockets.Socket.AwaitableSocketAsyncEventArgs.System.Threading.Tasks.Sources.IValueTaskSource<System.Int32>.GetResult(Int16 token)
   at System.Net.Security.SslStream.EnsureFullTlsFrameAsync[TIOAdapter](CancellationToken cancellationToken, Int32 estimatedSize)
   at System.Runtime.CompilerServices.PoolingAsyncValueTaskMethodBuilder`1.StateMachineBox`1.System.Threading.Tasks.Sources.IValueTaskSource<TResult>.GetResult(Int16 token)
   at System.Net.Security.SslStream.ReadAsyncInternal[TIOAdapter](Memory`1 buffer, CancellationToken cancellationToken)
   at System.Runtime.CompilerServices.PoolingAsyncValueTaskMethodBuilder`1.StateMachineBox`1.System.Threading.Tasks.Sources.IValueTaskSource<TResult>.GetResult(Int16 token)
   at System.Net.Http.HttpConnection.<EnsureReadAheadTaskHasStarted>g__ReadAheadWithZeroByteReadAsync|40_0()
   at System.Net.Http.HttpConnection.SendAsync(HttpRequestMessage request, Boolean async, CancellationToken cancellationToken)
[2025-10-24 13:22:02Z ERR  BrokerServer] #####################################################
[2025-10-24 13:22:02Z ERR  BrokerServer] System.Net.Sockets.SocketException (995): L’opération d’entrée/sortie a été abandonnée en raison de l’arrêt d’un thread ou à la demande d’une application.
[2025-10-24 13:22:02Z WARN BrokerServer] Back off 14,852 seconds before next retry. 4 attempt left.
[2025-10-24 13:22:03Z INFO BrokerMessageListener] Get next message has been cancelled.
[2025-10-24 13:22:03Z INFO JobDispatcher] Shutting down JobDispatcher. Make sure all WorkerDispatcher has finished.
[2025-10-24 13:22:03Z INFO JobDispatcher] Ensure WorkerDispatcher for job 05a7a903-7ade-50a6-a177-4989eb8cfa5a run to finish, cancel any running job.
[2025-10-24 13:22:03Z INFO JobDispatcher] Send job cancellation message to worker for job 05a7a903-7ade-50a6-a177-4989eb8cfa5a.
[2025-10-24 13:22:03Z INFO ProcessChannel] Sending message of length 0, with hash 'e3b0c44298fc1c149afbf4c8996fb92427ae41e4649b934ca495991b7852b855'
[2025-10-24 13:22:05Z INFO ProcessInvokerWrapper] STDOUT/STDERR stream read finished.
[2025-10-24 13:22:05Z INFO ProcessInvokerWrapper] STDOUT/STDERR stream read finished.
[2025-10-24 13:22:05Z INFO ProcessInvokerWrapper] Finished process 42356 with exit code 102, and elapsed time 00:00:07.8236616.
[2025-10-24 13:22:05Z INFO JobDispatcher] finish job request for job 05a7a903-7ade-50a6-a177-4989eb8cfa5a with result: Canceled
[2025-10-24 13:22:05Z INFO Terminal] WRITE LINE: 2025-10-24 13:22:05Z: Job semgrep completed with result: Canceled
[2025-10-24 13:22:05Z INFO JobDispatcher] Stop renew job request for job 05a7a903-7ade-50a6-a177-4989eb8cfa5a.
[2025-10-24 13:22:05Z INFO JobDispatcher] job renew has been cancelled, stop renew job 05a7a903-7ade-50a6-a177-4989eb8cfa5a.
[2025-10-24 13:22:05Z INFO JobNotification] Entering JobCompleted Notification
[2025-10-24 13:22:05Z INFO JobNotification] Entering EndMonitor
[2025-10-24 13:22:05Z INFO Runner] Deleting Runner Session...
[2025-10-24 13:22:05Z INFO Listener] Runner execution been cancelled.
