[2025-10-24 13:22:09Z INFO HostContext] No proxy settings were found based on environmental variables (http_proxy/https_proxy/HTTP_PROXY/HTTPS_PROXY)
[2025-10-24 13:22:09Z INFO HostContext] Well known directory 'Bin': 'C:\Users\paulo\server\vuln-server\actions-runner\bin'
[2025-10-24 13:22:09Z INFO HostContext] Well known directory 'Root': 'C:\Users\paulo\server\vuln-server\actions-runner'
[2025-10-24 13:22:09Z INFO HostContext] Well known config file 'Credentials': 'C:\Users\paulo\server\vuln-server\actions-runner\.credentials'
[2025-10-24 13:22:09Z INFO HostContext] Well known directory 'Bin': 'C:\Users\paulo\server\vuln-server\actions-runner\bin'
[2025-10-24 13:22:09Z INFO HostContext] Well known directory 'Root': 'C:\Users\paulo\server\vuln-server\actions-runner'
[2025-10-24 13:22:09Z INFO HostContext] Well known config file 'Runner': 'C:\Users\paulo\server\vuln-server\actions-runner\.runner'
[2025-10-24 13:22:09Z INFO Listener] Runner is built for Windows (X64) - win-x64.
[2025-10-24 13:22:09Z INFO Listener] RuntimeInformation: Microsoft Windows 10.0.26100.
[2025-10-24 13:22:09Z INFO Listener] Version: 2.329.0
[2025-10-24 13:22:09Z INFO Listener] Commit: c76c59996c8fa32e989164a5a695efb12608ae5a
[2025-10-24 13:22:09Z INFO Listener] Culture: fr-FR
[2025-10-24 13:22:09Z INFO Listener] UI Culture: fr-FR
[2025-10-24 13:22:09Z INFO HostContext] Well known directory 'Bin': 'C:\Users\paulo\server\vuln-server\actions-runner\bin'
[2025-10-24 13:22:09Z INFO HostContext] Well known directory 'Root': 'C:\Users\paulo\server\vuln-server\actions-runner'
[2025-10-24 13:22:09Z INFO Listener] Validating directory permissions for: 'C:\Users\paulo\server\vuln-server\actions-runner'
[2025-10-24 13:22:09Z INFO CommandLineParser] Parse
[2025-10-24 13:22:09Z INFO CommandLineParser] Parsing 1 args
[2025-10-24 13:22:09Z INFO CommandLineParser] parsing argument
[2025-10-24 13:22:09Z INFO CommandLineParser] HasArgs: False
[2025-10-24 13:22:09Z INFO CommandLineParser] Adding Command: run
[2025-10-24 13:22:09Z INFO Listener] Arguments parsed
[2025-10-24 13:22:09Z INFO Runner] ExecuteCommand
[2025-10-24 13:22:09Z INFO ConfigurationStore] currentAssemblyLocation: C:\Users\paulo\server\vuln-server\actions-runner\bin\Runner.Listener.dll
[2025-10-24 13:22:09Z INFO HostContext] Well known directory 'Bin': 'C:\Users\paulo\server\vuln-server\actions-runner\bin'
[2025-10-24 13:22:09Z INFO ConfigurationStore] binPath: C:\Users\paulo\server\vuln-server\actions-runner\bin
[2025-10-24 13:22:09Z INFO HostContext] Well known directory 'Bin': 'C:\Users\paulo\server\vuln-server\actions-runner\bin'
[2025-10-24 13:22:09Z INFO HostContext] Well known directory 'Root': 'C:\Users\paulo\server\vuln-server\actions-runner'
[2025-10-24 13:22:09Z INFO ConfigurationStore] RootFolder: C:\Users\paulo\server\vuln-server\actions-runner
[2025-10-24 13:22:09Z INFO HostContext] Well known directory 'Bin': 'C:\Users\paulo\server\vuln-server\actions-runner\bin'
[2025-10-24 13:22:09Z INFO HostContext] Well known directory 'Root': 'C:\Users\paulo\server\vuln-server\actions-runner'
[2025-10-24 13:22:09Z INFO HostContext] Well known config file 'Runner': 'C:\Users\paulo\server\vuln-server\actions-runner\.runner'
[2025-10-24 13:22:09Z INFO ConfigurationStore] ConfigFilePath: C:\Users\paulo\server\vuln-server\actions-runner\.runner
[2025-10-24 13:22:09Z INFO HostContext] Well known directory 'Bin': 'C:\Users\paulo\server\vuln-server\actions-runner\bin'
[2025-10-24 13:22:09Z INFO HostContext] Well known directory 'Root': 'C:\Users\paulo\server\vuln-server\actions-runner'
[2025-10-24 13:22:09Z INFO HostContext] Well known config file 'MigratedRunner': 'C:\Users\paulo\server\vuln-server\actions-runner\.runner_migrated'
[2025-10-24 13:22:09Z INFO ConfigurationStore] MigratedConfigFilePath: C:\Users\paulo\server\vuln-server\actions-runner\.runner_migrated
[2025-10-24 13:22:09Z INFO HostContext] Well known directory 'Bin': 'C:\Users\paulo\server\vuln-server\actions-runner\bin'
[2025-10-24 13:22:09Z INFO HostContext] Well known directory 'Root': 'C:\Users\paulo\server\vuln-server\actions-runner'
[2025-10-24 13:22:09Z INFO HostContext] Well known config file 'Credentials': 'C:\Users\paulo\server\vuln-server\actions-runner\.credentials'
[2025-10-24 13:22:09Z INFO ConfigurationStore] CredFilePath: C:\Users\paulo\server\vuln-server\actions-runner\.credentials
[2025-10-24 13:22:09Z INFO HostContext] Well known directory 'Bin': 'C:\Users\paulo\server\vuln-server\actions-runner\bin'
[2025-10-24 13:22:09Z INFO HostContext] Well known directory 'Root': 'C:\Users\paulo\server\vuln-server\actions-runner'
[2025-10-24 13:22:09Z INFO HostContext] Well known config file 'MigratedCredentials': 'C:\Users\paulo\server\vuln-server\actions-runner\.credentials_migrated'
[2025-10-24 13:22:09Z INFO ConfigurationStore] MigratedCredFilePath: C:\Users\paulo\server\vuln-server\actions-runner\.credentials_migrated
[2025-10-24 13:22:09Z INFO HostContext] Well known directory 'Bin': 'C:\Users\paulo\server\vuln-server\actions-runner\bin'
[2025-10-24 13:22:09Z INFO HostContext] Well known directory 'Root': 'C:\Users\paulo\server\vuln-server\actions-runner'
[2025-10-24 13:22:09Z INFO HostContext] Well known config file 'Service': 'C:\Users\paulo\server\vuln-server\actions-runner\.service'
[2025-10-24 13:22:09Z INFO ConfigurationStore] ServiceConfigFilePath: C:\Users\paulo\server\vuln-server\actions-runner\.service
[2025-10-24 13:22:09Z INFO CommandSettings] Flag 'help': 'False'
[2025-10-24 13:22:09Z INFO CommandSettings] Flag 'version': 'False'
[2025-10-24 13:22:09Z INFO CommandSettings] Flag 'commit': 'False'
[2025-10-24 13:22:09Z INFO CommandSettings] Flag 'check': 'False'
[2025-10-24 13:22:09Z INFO CommandSettings] Command 'configure': 'False'
[2025-10-24 13:22:09Z INFO CommandSettings] Command 'remove': 'False'
[2025-10-24 13:22:09Z INFO CommandSettings] Command 'warmup': 'False'
[2025-10-24 13:22:09Z INFO ConfigurationManager] LoadSettings
[2025-10-24 13:22:09Z INFO ConfigurationStore] IsConfigured()
[2025-10-24 13:22:09Z INFO ConfigurationStore] IsConfigured: True
[2025-10-24 13:22:09Z INFO ConfigurationManager] Is configured: True
[2025-10-24 13:22:09Z INFO ConfigurationStore] Read setting file: 394 chars
[2025-10-24 13:22:09Z INFO ConfigurationManager] Settings Loaded
[2025-10-24 13:22:09Z INFO ConfigurationStore] IsServiceConfigured()
[2025-10-24 13:22:09Z INFO ConfigurationStore] IsServiceConfigured: False
[2025-10-24 13:22:09Z INFO CommandSettings] Command 'run': 'True'
[2025-10-24 13:22:09Z INFO ConfigurationStore] IsConfigured()
[2025-10-24 13:22:09Z INFO ConfigurationStore] IsConfigured: True
[2025-10-24 13:22:09Z INFO ConfigurationManager] Is configured: True
[2025-10-24 13:22:09Z INFO Runner] Could not parse the argument value '' for StartupType. Defaulting to Manual
[2025-10-24 13:22:09Z INFO Runner] Set runner startup type - Manual
[2025-10-24 13:22:09Z INFO CommandSettings] Flag 'once': 'False'
[2025-10-24 13:22:09Z INFO CommandSettings] Flag 'once': 'False'
[2025-10-24 13:22:09Z INFO Runner] RunAsync
[2025-10-24 13:22:09Z INFO ConfigurationManager] LoadMigratedSettings
[2025-10-24 13:22:09Z INFO ConfigurationStore] IsMigratedConfigured()
[2025-10-24 13:22:09Z INFO ConfigurationStore] IsMigratedConfigured: False
[2025-10-24 13:22:09Z INFO Runner] Failed to load migrated settings: No migrated configuration found.
[2025-10-24 13:22:09Z INFO Runner] Falling back to original .runner settings
[2025-10-24 13:22:09Z INFO Runner] Using BrokerMessageListener
[2025-10-24 13:22:09Z INFO BrokerMessageListener] Using provided settings
[2025-10-24 13:22:09Z INFO BrokerMessageListener] {
  "AgentId": 2,
  "AgentName": "PAULLAPTOP",
  "PoolId": 1,
  "PoolName": "Default",
  "ServerUrl": "https://pipelinesghubeus3.actions.githubusercontent.com/srpMjgwpslPWLi78A9Yi5ELWvvVVEUV9JmE1i7QvtJc1pHYiSG/",
  "GitHubUrl": "https://github.com/paulocorpo/vulnserver",
  "WorkFolder": "_work",
  "UseV2Flow": true,
  "ServerUrlV2": "https://broker.actions.githubusercontent.com/"
}
[2025-10-24 13:22:09Z INFO BrokerMessageListener] Loading Credentials
[2025-10-24 13:22:09Z INFO ConfigurationStore] HasCredentials()
[2025-10-24 13:22:09Z INFO ConfigurationStore] stored True
[2025-10-24 13:22:09Z INFO CredentialManager] GetCredentialProvider
[2025-10-24 13:22:09Z INFO CredentialManager] Creating type OAuth
[2025-10-24 13:22:09Z INFO CredentialManager] Creating credential type: OAuth
[2025-10-24 13:22:09Z INFO HostContext] Well known directory 'Bin': 'C:\Users\paulo\server\vuln-server\actions-runner\bin'
[2025-10-24 13:22:09Z INFO HostContext] Well known directory 'Root': 'C:\Users\paulo\server\vuln-server\actions-runner'
[2025-10-24 13:22:09Z INFO HostContext] Well known config file 'RSACredentials': 'C:\Users\paulo\server\vuln-server\actions-runner\.credentials_rsaparams'
[2025-10-24 13:22:09Z INFO RSAEncryptedFileKeyManager] Loading RSA key parameters from file C:\Users\paulo\server\vuln-server\actions-runner\.credentials_rsaparams
[2025-10-24 13:22:09Z INFO BrokerMessageListener] Attempt to create session.
[2025-10-24 13:22:09Z INFO BrokerMessageListener] Connecting to the Broker Server...
[2025-10-24 13:22:09Z INFO ConfigurationStore] HasCredentials()
[2025-10-24 13:22:09Z INFO ConfigurationStore] stored True
[2025-10-24 13:22:09Z INFO CredentialManager] GetCredentialProvider
[2025-10-24 13:22:09Z INFO CredentialManager] Creating type OAuth
[2025-10-24 13:22:09Z INFO CredentialManager] Creating credential type: OAuth
[2025-10-24 13:22:09Z INFO RSAEncryptedFileKeyManager] Loading RSA key parameters from file C:\Users\paulo\server\vuln-server\actions-runner\.credentials_rsaparams
[2025-10-24 13:22:09Z INFO BrokerMessageListener] VssConnection created
[2025-10-24 13:22:09Z INFO BrokerMessageListener] Connecting to the Runner server...
[2025-10-24 13:22:09Z INFO RunnerServer] EstablishVssConnection
[2025-10-24 13:22:09Z INFO RunnerServer] Establish connection with 100 seconds timeout.
[2025-10-24 13:22:09Z INFO GitHubActionsService] Starting operation Location.GetConnectionData
[2025-10-24 13:22:09Z INFO RunnerServer] EstablishVssConnection
[2025-10-24 13:22:09Z INFO RunnerServer] Establish connection with 60 seconds timeout.
[2025-10-24 13:22:09Z INFO GitHubActionsService] Starting operation Location.GetConnectionData
[2025-10-24 13:22:09Z INFO RunnerServer] EstablishVssConnection
[2025-10-24 13:22:09Z INFO RunnerServer] Establish connection with 60 seconds timeout.
[2025-10-24 13:22:09Z INFO GitHubActionsService] Starting operation Location.GetConnectionData
[2025-10-24 13:22:10Z INFO GitHubActionsService] Finished operation Location.GetConnectionData
[2025-10-24 13:22:10Z INFO GitHubActionsService] Finished operation Location.GetConnectionData
[2025-10-24 13:22:10Z INFO GitHubActionsService] Finished operation Location.GetConnectionData
[2025-10-24 13:22:10Z INFO BrokerMessageListener] VssConnection created
[2025-10-24 13:22:10Z INFO Terminal] WRITE LINE: 
[2025-10-24 13:22:10Z INFO Terminal] WRITE LINE: 
[2025-10-24 13:22:10Z INFO RSAEncryptedFileKeyManager] Loading RSA key parameters from file C:\Users\paulo\server\vuln-server\actions-runner\.credentials_rsaparams
[2025-10-24 13:22:10Z INFO RSAEncryptedFileKeyManager] Loading RSA key parameters from file C:\Users\paulo\server\vuln-server\actions-runner\.credentials_rsaparams
[2025-10-24 13:22:10Z INFO GitHubActionsService] AAD Correlation ID for this token request: Unknown
[2025-10-24 13:22:11Z INFO BrokerMessageListener] Session created.
[2025-10-24 13:22:11Z INFO Terminal] WRITE LINE: Current runner version: '2.329.0'
[2025-10-24 13:22:11Z INFO Terminal] WRITE LINE: 2025-10-24 13:22:11Z: Listening for Jobs
[2025-10-24 13:22:11Z INFO JobDispatcher] Set runner/worker IPC timeout to 30 seconds.
[2025-10-24 13:22:38Z INFO ConfigurationStore] HasCredentials()
[2025-10-24 13:22:38Z INFO ConfigurationStore] stored True
[2025-10-24 13:22:38Z INFO CredentialManager] GetCredentialProvider
[2025-10-24 13:22:38Z INFO CredentialManager] Creating type OAuth
[2025-10-24 13:22:38Z INFO CredentialManager] Creating credential type: OAuth
[2025-10-24 13:22:38Z INFO RSAEncryptedFileKeyManager] Loading RSA key parameters from file C:\Users\paulo\server\vuln-server\actions-runner\.credentials_rsaparams
[2025-10-24 13:22:38Z INFO RSAEncryptedFileKeyManager] Loading RSA key parameters from file C:\Users\paulo\server\vuln-server\actions-runner\.credentials_rsaparams
[2025-10-24 13:22:38Z INFO RSAEncryptedFileKeyManager] Loading RSA key parameters from file C:\Users\paulo\server\vuln-server\actions-runner\.credentials_rsaparams
[2025-10-24 13:22:39Z INFO GitHubActionsService] AAD Correlation ID for this token request: Unknown
[2025-10-24 13:22:40Z INFO JobDispatcher] Job request 0 for plan e7127982-bd96-4fcd-86de-f61131b6c025 job b674f1db-4386-5ee1-a4c3-b3349aa95abe received.
[2025-10-24 13:22:40Z INFO JobDispatcher] Pull OrchestrationId e7127982-bd96-4fcd-86de-f61131b6c025.semgrep.__default from JWT claims
[2025-10-24 13:22:40Z INFO BrokerMessageListener] Received job status event. JobState: Busy
[2025-10-24 13:22:40Z INFO BrokerMessageListener] _getMessagesTokenSource is already disposed.
[2025-10-24 13:22:40Z INFO Terminal] WRITE LINE: 2025-10-24 13:22:40Z: Running job: semgrep
[2025-10-24 13:22:40Z INFO JobDispatcher] Start renew job request 0 for job b674f1db-4386-5ee1-a4c3-b3349aa95abe.
[2025-10-24 13:22:40Z INFO JobDispatcher] Successfully renew job b674f1db-4386-5ee1-a4c3-b3349aa95abe, job is valid till 24/10/2025 13:32:40
[2025-10-24 13:22:40Z INFO HostContext] Well known directory 'Bin': 'C:\Users\paulo\server\vuln-server\actions-runner\bin'
[2025-10-24 13:22:40Z INFO ProcessInvokerWrapper] Starting process:
[2025-10-24 13:22:40Z INFO ProcessInvokerWrapper]   File name: 'C:\Users\paulo\server\vuln-server\actions-runner\bin\Runner.Worker.exe'
[2025-10-24 13:22:40Z INFO ProcessInvokerWrapper]   Arguments: 'spawnclient 1656 1528'
[2025-10-24 13:22:40Z INFO ProcessInvokerWrapper]   Working directory: 'C:\Users\paulo\server\vuln-server\actions-runner\bin'
[2025-10-24 13:22:40Z INFO ProcessInvokerWrapper]   Require exit code zero: 'False'
[2025-10-24 13:22:40Z INFO ProcessInvokerWrapper]   Encoding web name:  ; code page: ''
[2025-10-24 13:22:40Z INFO ProcessInvokerWrapper]   Force kill process on cancellation: 'True'
[2025-10-24 13:22:40Z INFO ProcessInvokerWrapper]   Redirected STDIN: 'False'
[2025-10-24 13:22:40Z INFO ProcessInvokerWrapper]   Persist current code page: 'False'
[2025-10-24 13:22:40Z INFO ProcessInvokerWrapper]   Keep redirected STDIN open: 'False'
[2025-10-24 13:22:40Z INFO ProcessInvokerWrapper]   High priority process: 'True'
[2025-10-24 13:22:40Z INFO ProcessInvokerWrapper] Process started with process id 42108, waiting for process exit.
[2025-10-24 13:22:40Z INFO JobDispatcher] Send job request message to worker for job b674f1db-4386-5ee1-a4c3-b3349aa95abe.
[2025-10-24 13:22:40Z INFO ProcessChannel] Sending message of length 43077, with hash 'aa595534583f83bf4068a62af08abab64b8c62dc58cba5546367f591803a108a'
[2025-10-24 13:22:40Z INFO JobNotification] Entering JobStarted Notification
[2025-10-24 13:22:40Z INFO JobNotification] Entering StartMonitor
[2025-10-24 13:22:50Z INFO ProcessInvokerWrapper] STDOUT/STDERR stream read finished.
[2025-10-24 13:22:50Z INFO ProcessInvokerWrapper] STDOUT/STDERR stream read finished.
[2025-10-24 13:22:50Z INFO ProcessInvokerWrapper] Finished process 42108 with exit code 102, and elapsed time 00:00:10.2559448.
[2025-10-24 13:22:50Z INFO JobDispatcher] Worker finished for job b674f1db-4386-5ee1-a4c3-b3349aa95abe. Code: 102
[2025-10-24 13:22:50Z INFO JobDispatcher] finish job request for job b674f1db-4386-5ee1-a4c3-b3349aa95abe with result: Failed
[2025-10-24 13:22:50Z INFO Terminal] WRITE LINE: 2025-10-24 13:22:50Z: Job semgrep completed with result: Failed
[2025-10-24 13:22:50Z INFO JobDispatcher] Stop renew job request for job b674f1db-4386-5ee1-a4c3-b3349aa95abe.
[2025-10-24 13:22:50Z INFO JobDispatcher] job renew has been cancelled, stop renew job b674f1db-4386-5ee1-a4c3-b3349aa95abe.
[2025-10-24 13:22:50Z INFO JobNotification] Entering JobCompleted Notification
[2025-10-24 13:22:50Z INFO JobNotification] Entering EndMonitor
[2025-10-24 13:22:50Z INFO BrokerMessageListener] Received job status event. JobState: Online
[2025-10-24 13:22:50Z WARN GitHubActionsService] GET request to https://broker.actions.githubusercontent.com/message?sessionId=44615f54-752a-41a9-9cc8-8565cb775ce5&status=Busy&runnerVersion=2.329.0&os=Windows&architecture=X64&disableUpdate=false has been cancelled.
[2025-10-24 13:22:50Z ERR  BrokerServer] Catch exception during request
[2025-10-24 13:22:50Z ERR  BrokerServer] System.Threading.Tasks.TaskCanceledException: The operation was canceled.
 ---> System.Threading.Tasks.TaskCanceledException: The operation was canceled.
 ---> System.IO.IOException: Unable to read data from the transport connection: L’opération d’entrée/sortie a été abandonnée en raison de l’arrêt d’un thread ou à la demande d’une application..
 ---> System.Net.Sockets.SocketException (995): L’opération d’entrée/sortie a été abandonnée en raison de l’arrêt d’un thread ou à la demande d’une application.
   --- End of inner exception stack trace ---
   at System.Net.Sockets.Socket.AwaitableSocketAsyncEventArgs.ThrowException(SocketError error, CancellationToken cancellationToken)
   at System.Net.Sockets.Socket.AwaitableSocketAsyncEventArgs.System.Threading.Tasks.Sources.IValueTaskSource<System.Int32>.GetResult(Int16 token)
   at System.Net.Security.SslStream.EnsureFullTlsFrameAsync[TIOAdapter](CancellationToken cancellationToken, Int32 estimatedSize)
   at System.Runtime.CompilerServices.PoolingAsyncValueTaskMethodBuilder`1.StateMachineBox`1.System.Threading.Tasks.Sources.IValueTaskSource<TResult>.GetResult(Int16 token)
   at System.Net.Security.SslStream.ReadAsyncInternal[TIOAdapter](Memory`1 buffer, CancellationToken cancellationToken)
   at System.Runtime.CompilerServices.PoolingAsyncValueTaskMethodBuilder`1.StateMachineBox`1.System.Threading.Tasks.Sources.IValueTaskSource<TResult>.GetResult(Int16 token)
   at System.Net.Http.HttpConnection.SendAsync(HttpRequestMessage request, Boolean async, CancellationToken cancellationToken)
   --- End of inner exception stack trace ---
   at System.Net.Http.HttpConnection.SendAsync(HttpRequestMessage request, Boolean async, CancellationToken cancellationToken)
   at System.Net.Http.AuthenticationHelper.SendWithNtAuthAsync(HttpRequestMessage request, Uri authUri, Boolean async, ICredentials credentials, Boolean isProxyAuth, HttpConnection connection, HttpConnectionPool connectionPool, CancellationToken cancellationToken)
   at System.Net.Http.HttpConnectionPool.SendWithVersionDetectionAndRetryAsync(HttpRequestMessage request, Boolean async, Boolean doRequestAuth, CancellationToken cancellationToken)
   at System.Net.Http.AuthenticationHelper.SendWithAuthAsync(HttpRequestMessage request, Uri authUri, Boolean async, ICredentials credentials, Boolean preAuthenticate, Boolean isProxyAuth, Boolean doRequestAuth, HttpConnectionPool pool, CancellationToken cancellationToken)
   at System.Net.Http.RedirectHandler.SendAsync(HttpRequestMessage request, Boolean async, CancellationToken cancellationToken)
   at GitHub.Services.Common.RawHttpMessageHandler.SendAsync(HttpRequestMessage request, CancellationToken cancellationToken)
   at GitHub.Services.Common.VssHttpRetryMessageHandler.SendAsync(HttpRequestMessage request, CancellationToken cancellationToken)
   at System.Net.Http.HttpClient.<SendAsync>g__Core|83_0(HttpRequestMessage request, HttpCompletionOption completionOption, CancellationTokenSource cts, Boolean disposeCts, CancellationTokenSource pendingRequestsCts, CancellationToken originalCancellationToken)
   --- End of inner exception stack trace ---
   at System.Net.Http.HttpClient.HandleFailure(Exception e, Boolean telemetryStarted, HttpResponseMessage response, CancellationTokenSource cts, CancellationToken cancellationToken, CancellationTokenSource pendingRequestsCts)
   at System.Net.Http.HttpClient.<SendAsync>g__Core|83_0(HttpRequestMessage request, HttpCompletionOption completionOption, CancellationTokenSource cts, Boolean disposeCts, CancellationTokenSource pendingRequestsCts, CancellationToken originalCancellationToken)
   at Sdk.WebApi.WebApi.RawHttpClientBase.SendAsync(HttpRequestMessage message, HttpCompletionOption completionOption, Object userState, CancellationToken cancellationToken)
   at Sdk.WebApi.WebApi.RawHttpClientBase.SendAsync[T](HttpRequestMessage message, Boolean readErrorBody, Object userState, CancellationToken cancellationToken)
   at Sdk.WebApi.WebApi.RawHttpClientBase.SendAsync[T](HttpMethod method, IEnumerable`1 additionalHeaders, Uri requestUri, HttpContent content, IEnumerable`1 queryParameters, Boolean readErrorBody, Object userState, CancellationToken cancellationToken)
   at GitHub.Actions.RunService.WebApi.BrokerHttpClient.GetRunnerMessageAsync(Nullable`1 sessionId, String runnerVersion, Nullable`1 status, String os, String architecture, Nullable`1 disableUpdate, CancellationToken cancellationToken)
   at GitHub.Runner.Common.BrokerServer.<>c__DisplayClass7_0.<<GetRunnerMessageAsync>b__0>d.MoveNext()
--- End of stack trace from previous location ---
   at GitHub.Runner.Common.RunnerService.RetryRequest[T](Func`1 func, CancellationToken cancellationToken, Int32 maxAttempts, Func`2 shouldRetry)
[2025-10-24 13:22:50Z ERR  BrokerServer] #####################################################
[2025-10-24 13:22:50Z ERR  BrokerServer] System.Threading.Tasks.TaskCanceledException: The operation was canceled.
 ---> System.IO.IOException: Unable to read data from the transport connection: L’opération d’entrée/sortie a été abandonnée en raison de l’arrêt d’un thread ou à la demande d’une application..
 ---> System.Net.Sockets.SocketException (995): L’opération d’entrée/sortie a été abandonnée en raison de l’arrêt d’un thread ou à la demande d’une application.
   --- End of inner exception stack trace ---
   at System.Net.Sockets.Socket.AwaitableSocketAsyncEventArgs.ThrowException(SocketError error, CancellationToken cancellationToken)
   at System.Net.Sockets.Socket.AwaitableSocketAsyncEventArgs.System.Threading.Tasks.Sources.IValueTaskSource<System.Int32>.GetResult(Int16 token)
   at System.Net.Security.SslStream.EnsureFullTlsFrameAsync[TIOAdapter](CancellationToken cancellationToken, Int32 estimatedSize)
   at System.Runtime.CompilerServices.PoolingAsyncValueTaskMethodBuilder`1.StateMachineBox`1.System.Threading.Tasks.Sources.IValueTaskSource<TResult>.GetResult(Int16 token)
   at System.Net.Security.SslStream.ReadAsyncInternal[TIOAdapter](Memory`1 buffer, CancellationToken cancellationToken)
   at System.Runtime.CompilerServices.PoolingAsyncValueTaskMethodBuilder`1.StateMachineBox`1.System.Threading.Tasks.Sources.IValueTaskSource<TResult>.GetResult(Int16 token)
   at System.Net.Http.HttpConnection.SendAsync(HttpRequestMessage request, Boolean async, CancellationToken cancellationToken)
   --- End of inner exception stack trace ---
   at System.Net.Http.HttpConnection.SendAsync(HttpRequestMessage request, Boolean async, CancellationToken cancellationToken)
   at System.Net.Http.AuthenticationHelper.SendWithNtAuthAsync(HttpRequestMessage request, Uri authUri, Boolean async, ICredentials credentials, Boolean isProxyAuth, HttpConnection connection, HttpConnectionPool connectionPool, CancellationToken cancellationToken)
   at System.Net.Http.HttpConnectionPool.SendWithVersionDetectionAndRetryAsync(HttpRequestMessage request, Boolean async, Boolean doRequestAuth, CancellationToken cancellationToken)
   at System.Net.Http.AuthenticationHelper.SendWithAuthAsync(HttpRequestMessage request, Uri authUri, Boolean async, ICredentials credentials, Boolean preAuthenticate, Boolean isProxyAuth, Boolean doRequestAuth, HttpConnectionPool pool, CancellationToken cancellationToken)
   at System.Net.Http.RedirectHandler.SendAsync(HttpRequestMessage request, Boolean async, CancellationToken cancellationToken)
   at GitHub.Services.Common.RawHttpMessageHandler.SendAsync(HttpRequestMessage request, CancellationToken cancellationToken)
   at GitHub.Services.Common.VssHttpRetryMessageHandler.SendAsync(HttpRequestMessage request, CancellationToken cancellationToken)
   at System.Net.Http.HttpClient.<SendAsync>g__Core|83_0(HttpRequestMessage request, HttpCompletionOption completionOption, CancellationTokenSource cts, Boolean disposeCts, CancellationTokenSource pendingRequestsCts, CancellationToken originalCancellationToken)
[2025-10-24 13:22:50Z ERR  BrokerServer] #####################################################
[2025-10-24 13:22:50Z ERR  BrokerServer] System.IO.IOException: Unable to read data from the transport connection: L’opération d’entrée/sortie a été abandonnée en raison de l’arrêt d’un thread ou à la demande d’une application..
 ---> System.Net.Sockets.SocketException (995): L’opération d’entrée/sortie a été abandonnée en raison de l’arrêt d’un thread ou à la demande d’une application.
   --- End of inner exception stack trace ---
   at System.Net.Sockets.Socket.AwaitableSocketAsyncEventArgs.ThrowException(SocketError error, CancellationToken cancellationToken)
   at System.Net.Sockets.Socket.AwaitableSocketAsyncEventArgs.System.Threading.Tasks.Sources.IValueTaskSource<System.Int32>.GetResult(Int16 token)
   at System.Net.Security.SslStream.EnsureFullTlsFrameAsync[TIOAdapter](CancellationToken cancellationToken, Int32 estimatedSize)
   at System.Runtime.CompilerServices.PoolingAsyncValueTaskMethodBuilder`1.StateMachineBox`1.System.Threading.Tasks.Sources.IValueTaskSource<TResult>.GetResult(Int16 token)
   at System.Net.Security.SslStream.ReadAsyncInternal[TIOAdapter](Memory`1 buffer, CancellationToken cancellationToken)
   at System.Runtime.CompilerServices.PoolingAsyncValueTaskMethodBuilder`1.StateMachineBox`1.System.Threading.Tasks.Sources.IValueTaskSource<TResult>.GetResult(Int16 token)
   at System.Net.Http.HttpConnection.SendAsync(HttpRequestMessage request, Boolean async, CancellationToken cancellationToken)
[2025-10-24 13:22:50Z ERR  BrokerServer] #####################################################
[2025-10-24 13:22:50Z ERR  BrokerServer] System.Net.Sockets.SocketException (995): L’opération d’entrée/sortie a été abandonnée en raison de l’arrêt d’un thread ou à la demande d’une application.
[2025-10-24 13:22:50Z WARN BrokerServer] Back off 6,813 seconds before next retry. 4 attempt left.
[2025-10-24 13:22:50Z INFO BrokerMessageListener] Get messages has been cancelled using local token source. Continue to get messages with new status.
[2025-10-24 13:22:51Z INFO ConfigurationStore] HasCredentials()
[2025-10-24 13:22:51Z INFO ConfigurationStore] stored True
[2025-10-24 13:22:51Z INFO CredentialManager] GetCredentialProvider
[2025-10-24 13:22:51Z INFO CredentialManager] Creating type OAuth
[2025-10-24 13:22:51Z INFO CredentialManager] Creating credential type: OAuth
[2025-10-24 13:22:51Z INFO RSAEncryptedFileKeyManager] Loading RSA key parameters from file C:\Users\paulo\server\vuln-server\actions-runner\.credentials_rsaparams
[2025-10-24 13:22:51Z INFO RSAEncryptedFileKeyManager] Loading RSA key parameters from file C:\Users\paulo\server\vuln-server\actions-runner\.credentials_rsaparams
[2025-10-24 13:22:51Z INFO RSAEncryptedFileKeyManager] Loading RSA key parameters from file C:\Users\paulo\server\vuln-server\actions-runner\.credentials_rsaparams
[2025-10-24 13:22:51Z INFO GitHubActionsService] AAD Correlation ID for this token request: Unknown
[2025-10-24 13:22:52Z INFO JobDispatcher] Job request 0 for plan 370be6cd-3e5b-483b-b926-bb28572795de job cd710a5b-cdd6-5526-8176-6af11c8801a9 received.
[2025-10-24 13:22:52Z INFO JobDispatcher] Pull OrchestrationId 370be6cd-3e5b-483b-b926-bb28572795de.semgrep.__default from JWT claims
[2025-10-24 13:22:52Z INFO BrokerMessageListener] Received job status event. JobState: Busy
[2025-10-24 13:22:52Z INFO BrokerMessageListener] _getMessagesTokenSource is already disposed.
[2025-10-24 13:22:52Z INFO JobDispatcher] Job request b674f1db-4386-5ee1-a4c3-b3349aa95abe processed succeed.
[2025-10-24 13:22:52Z INFO Terminal] WRITE LINE: 2025-10-24 13:22:52Z: Running job: semgrep
[2025-10-24 13:22:52Z INFO JobDispatcher] Start renew job request 0 for job cd710a5b-cdd6-5526-8176-6af11c8801a9.
[2025-10-24 13:22:52Z INFO JobDispatcher] Successfully renew job cd710a5b-cdd6-5526-8176-6af11c8801a9, job is valid till 24/10/2025 13:32:52
[2025-10-24 13:22:52Z INFO HostContext] Well known directory 'Bin': 'C:\Users\paulo\server\vuln-server\actions-runner\bin'
[2025-10-24 13:22:52Z INFO ProcessInvokerWrapper] Starting process:
[2025-10-24 13:22:52Z INFO ProcessInvokerWrapper]   File name: 'C:\Users\paulo\server\vuln-server\actions-runner\bin\Runner.Worker.exe'
[2025-10-24 13:22:52Z INFO ProcessInvokerWrapper]   Arguments: 'spawnclient 2416 2428'
[2025-10-24 13:22:52Z INFO ProcessInvokerWrapper]   Working directory: 'C:\Users\paulo\server\vuln-server\actions-runner\bin'
[2025-10-24 13:22:52Z INFO ProcessInvokerWrapper]   Require exit code zero: 'False'
[2025-10-24 13:22:52Z INFO ProcessInvokerWrapper]   Encoding web name:  ; code page: ''
[2025-10-24 13:22:52Z INFO ProcessInvokerWrapper]   Force kill process on cancellation: 'True'
[2025-10-24 13:22:52Z INFO ProcessInvokerWrapper]   Redirected STDIN: 'False'
[2025-10-24 13:22:52Z INFO ProcessInvokerWrapper]   Persist current code page: 'False'
[2025-10-24 13:22:52Z INFO ProcessInvokerWrapper]   Keep redirected STDIN open: 'False'
[2025-10-24 13:22:52Z INFO ProcessInvokerWrapper]   High priority process: 'True'
[2025-10-24 13:22:52Z INFO ProcessInvokerWrapper] Process started with process id 25896, waiting for process exit.
[2025-10-24 13:22:52Z INFO JobDispatcher] Send job request message to worker for job cd710a5b-cdd6-5526-8176-6af11c8801a9.
[2025-10-24 13:22:52Z INFO ProcessChannel] Sending message of length 43077, with hash 'd617b33f8f1a428fd85bed624d95c8caef620f510acc1eac57e1177d80eb9d2c'
[2025-10-24 13:22:53Z INFO JobNotification] Entering JobStarted Notification
[2025-10-24 13:22:53Z INFO JobNotification] Entering StartMonitor
[2025-10-24 13:23:04Z INFO ProcessInvokerWrapper] STDOUT/STDERR stream read finished.
[2025-10-24 13:23:04Z INFO ProcessInvokerWrapper] STDOUT/STDERR stream read finished.
[2025-10-24 13:23:04Z INFO ProcessInvokerWrapper] Finished process 25896 with exit code 102, and elapsed time 00:00:12.0999975.
[2025-10-24 13:23:04Z INFO JobDispatcher] Worker finished for job cd710a5b-cdd6-5526-8176-6af11c8801a9. Code: 102
[2025-10-24 13:23:04Z INFO JobDispatcher] finish job request for job cd710a5b-cdd6-5526-8176-6af11c8801a9 with result: Failed
[2025-10-24 13:23:04Z INFO Terminal] WRITE LINE: 2025-10-24 13:23:04Z: Job semgrep completed with result: Failed
[2025-10-24 13:23:04Z INFO JobDispatcher] Stop renew job request for job cd710a5b-cdd6-5526-8176-6af11c8801a9.
[2025-10-24 13:23:04Z INFO JobDispatcher] job renew has been cancelled, stop renew job cd710a5b-cdd6-5526-8176-6af11c8801a9.
[2025-10-24 13:23:04Z INFO JobNotification] Entering JobCompleted Notification
[2025-10-24 13:23:04Z INFO JobNotification] Entering EndMonitor
[2025-10-24 13:23:04Z INFO BrokerMessageListener] Received job status event. JobState: Online
[2025-10-24 13:23:04Z WARN GitHubActionsService] GET request to https://broker.actions.githubusercontent.com/message?sessionId=44615f54-752a-41a9-9cc8-8565cb775ce5&status=Busy&runnerVersion=2.329.0&os=Windows&architecture=X64&disableUpdate=false has been cancelled.
[2025-10-24 13:23:04Z ERR  BrokerServer] Catch exception during request
[2025-10-24 13:23:04Z ERR  BrokerServer] System.Threading.Tasks.TaskCanceledException: The operation was canceled.
 ---> System.Threading.Tasks.TaskCanceledException: The operation was canceled.
 ---> System.IO.IOException: Unable to read data from the transport connection: L’opération d’entrée/sortie a été abandonnée en raison de l’arrêt d’un thread ou à la demande d’une application..
 ---> System.Net.Sockets.SocketException (995): L’opération d’entrée/sortie a été abandonnée en raison de l’arrêt d’un thread ou à la demande d’une application.
   --- End of inner exception stack trace ---
   at System.Net.Sockets.Socket.AwaitableSocketAsyncEventArgs.ThrowException(SocketError error, CancellationToken cancellationToken)
   at System.Net.Sockets.Socket.AwaitableSocketAsyncEventArgs.System.Threading.Tasks.Sources.IValueTaskSource<System.Int32>.GetResult(Int16 token)
   at System.Net.Security.SslStream.EnsureFullTlsFrameAsync[TIOAdapter](CancellationToken cancellationToken, Int32 estimatedSize)
   at System.Runtime.CompilerServices.PoolingAsyncValueTaskMethodBuilder`1.StateMachineBox`1.System.Threading.Tasks.Sources.IValueTaskSource<TResult>.GetResult(Int16 token)
   at System.Net.Security.SslStream.ReadAsyncInternal[TIOAdapter](Memory`1 buffer, CancellationToken cancellationToken)
   at System.Runtime.CompilerServices.PoolingAsyncValueTaskMethodBuilder`1.StateMachineBox`1.System.Threading.Tasks.Sources.IValueTaskSource<TResult>.GetResult(Int16 token)
   at System.Net.Http.HttpConnection.SendAsync(HttpRequestMessage request, Boolean async, CancellationToken cancellationToken)
   --- End of inner exception stack trace ---
   at System.Net.Http.HttpConnection.SendAsync(HttpRequestMessage request, Boolean async, CancellationToken cancellationToken)
   at System.Net.Http.AuthenticationHelper.SendWithNtAuthAsync(HttpRequestMessage request, Uri authUri, Boolean async, ICredentials credentials, Boolean isProxyAuth, HttpConnection connection, HttpConnectionPool connectionPool, CancellationToken cancellationToken)
   at System.Net.Http.HttpConnectionPool.SendWithVersionDetectionAndRetryAsync(HttpRequestMessage request, Boolean async, Boolean doRequestAuth, CancellationToken cancellationToken)
   at System.Net.Http.AuthenticationHelper.SendWithAuthAsync(HttpRequestMessage request, Uri authUri, Boolean async, ICredentials credentials, Boolean preAuthenticate, Boolean isProxyAuth, Boolean doRequestAuth, HttpConnectionPool pool, CancellationToken cancellationToken)
   at System.Net.Http.RedirectHandler.SendAsync(HttpRequestMessage request, Boolean async, CancellationToken cancellationToken)
   at GitHub.Services.Common.RawHttpMessageHandler.SendAsync(HttpRequestMessage request, CancellationToken cancellationToken)
   at GitHub.Services.Common.VssHttpRetryMessageHandler.SendAsync(HttpRequestMessage request, CancellationToken cancellationToken)
   at System.Net.Http.HttpClient.<SendAsync>g__Core|83_0(HttpRequestMessage request, HttpCompletionOption completionOption, CancellationTokenSource cts, Boolean disposeCts, CancellationTokenSource pendingRequestsCts, CancellationToken originalCancellationToken)
   --- End of inner exception stack trace ---
   at System.Net.Http.HttpClient.HandleFailure(Exception e, Boolean telemetryStarted, HttpResponseMessage response, CancellationTokenSource cts, CancellationToken cancellationToken, CancellationTokenSource pendingRequestsCts)
   at System.Net.Http.HttpClient.<SendAsync>g__Core|83_0(HttpRequestMessage request, HttpCompletionOption completionOption, CancellationTokenSource cts, Boolean disposeCts, CancellationTokenSource pendingRequestsCts, CancellationToken originalCancellationToken)
   at Sdk.WebApi.WebApi.RawHttpClientBase.SendAsync(HttpRequestMessage message, HttpCompletionOption completionOption, Object userState, CancellationToken cancellationToken)
   at Sdk.WebApi.WebApi.RawHttpClientBase.SendAsync[T](HttpRequestMessage message, Boolean readErrorBody, Object userState, CancellationToken cancellationToken)
   at Sdk.WebApi.WebApi.RawHttpClientBase.SendAsync[T](HttpMethod method, IEnumerable`1 additionalHeaders, Uri requestUri, HttpContent content, IEnumerable`1 queryParameters, Boolean readErrorBody, Object userState, CancellationToken cancellationToken)
   at GitHub.Actions.RunService.WebApi.BrokerHttpClient.GetRunnerMessageAsync(Nullable`1 sessionId, String runnerVersion, Nullable`1 status, String os, String architecture, Nullable`1 disableUpdate, CancellationToken cancellationToken)
   at GitHub.Runner.Common.BrokerServer.<>c__DisplayClass7_0.<<GetRunnerMessageAsync>b__0>d.MoveNext()
--- End of stack trace from previous location ---
   at GitHub.Runner.Common.RunnerService.RetryRequest[T](Func`1 func, CancellationToken cancellationToken, Int32 maxAttempts, Func`2 shouldRetry)
[2025-10-24 13:23:04Z ERR  BrokerServer] #####################################################
[2025-10-24 13:23:04Z ERR  BrokerServer] System.Threading.Tasks.TaskCanceledException: The operation was canceled.
 ---> System.IO.IOException: Unable to read data from the transport connection: L’opération d’entrée/sortie a été abandonnée en raison de l’arrêt d’un thread ou à la demande d’une application..
 ---> System.Net.Sockets.SocketException (995): L’opération d’entrée/sortie a été abandonnée en raison de l’arrêt d’un thread ou à la demande d’une application.
   --- End of inner exception stack trace ---
   at System.Net.Sockets.Socket.AwaitableSocketAsyncEventArgs.ThrowException(SocketError error, CancellationToken cancellationToken)
   at System.Net.Sockets.Socket.AwaitableSocketAsyncEventArgs.System.Threading.Tasks.Sources.IValueTaskSource<System.Int32>.GetResult(Int16 token)
   at System.Net.Security.SslStream.EnsureFullTlsFrameAsync[TIOAdapter](CancellationToken cancellationToken, Int32 estimatedSize)
   at System.Runtime.CompilerServices.PoolingAsyncValueTaskMethodBuilder`1.StateMachineBox`1.System.Threading.Tasks.Sources.IValueTaskSource<TResult>.GetResult(Int16 token)
   at System.Net.Security.SslStream.ReadAsyncInternal[TIOAdapter](Memory`1 buffer, CancellationToken cancellationToken)
   at System.Runtime.CompilerServices.PoolingAsyncValueTaskMethodBuilder`1.StateMachineBox`1.System.Threading.Tasks.Sources.IValueTaskSource<TResult>.GetResult(Int16 token)
   at System.Net.Http.HttpConnection.SendAsync(HttpRequestMessage request, Boolean async, CancellationToken cancellationToken)
   --- End of inner exception stack trace ---
   at System.Net.Http.HttpConnection.SendAsync(HttpRequestMessage request, Boolean async, CancellationToken cancellationToken)
   at System.Net.Http.AuthenticationHelper.SendWithNtAuthAsync(HttpRequestMessage request, Uri authUri, Boolean async, ICredentials credentials, Boolean isProxyAuth, HttpConnection connection, HttpConnectionPool connectionPool, CancellationToken cancellationToken)
   at System.Net.Http.HttpConnectionPool.SendWithVersionDetectionAndRetryAsync(HttpRequestMessage request, Boolean async, Boolean doRequestAuth, CancellationToken cancellationToken)
   at System.Net.Http.AuthenticationHelper.SendWithAuthAsync(HttpRequestMessage request, Uri authUri, Boolean async, ICredentials credentials, Boolean preAuthenticate, Boolean isProxyAuth, Boolean doRequestAuth, HttpConnectionPool pool, CancellationToken cancellationToken)
   at System.Net.Http.RedirectHandler.SendAsync(HttpRequestMessage request, Boolean async, CancellationToken cancellationToken)
   at GitHub.Services.Common.RawHttpMessageHandler.SendAsync(HttpRequestMessage request, CancellationToken cancellationToken)
   at GitHub.Services.Common.VssHttpRetryMessageHandler.SendAsync(HttpRequestMessage request, CancellationToken cancellationToken)
   at System.Net.Http.HttpClient.<SendAsync>g__Core|83_0(HttpRequestMessage request, HttpCompletionOption completionOption, CancellationTokenSource cts, Boolean disposeCts, CancellationTokenSource pendingRequestsCts, CancellationToken originalCancellationToken)
[2025-10-24 13:23:04Z ERR  BrokerServer] #####################################################
[2025-10-24 13:23:04Z ERR  BrokerServer] System.IO.IOException: Unable to read data from the transport connection: L’opération d’entrée/sortie a été abandonnée en raison de l’arrêt d’un thread ou à la demande d’une application..
 ---> System.Net.Sockets.SocketException (995): L’opération d’entrée/sortie a été abandonnée en raison de l’arrêt d’un thread ou à la demande d’une application.
   --- End of inner exception stack trace ---
   at System.Net.Sockets.Socket.AwaitableSocketAsyncEventArgs.ThrowException(SocketError error, CancellationToken cancellationToken)
   at System.Net.Sockets.Socket.AwaitableSocketAsyncEventArgs.System.Threading.Tasks.Sources.IValueTaskSource<System.Int32>.GetResult(Int16 token)
   at System.Net.Security.SslStream.EnsureFullTlsFrameAsync[TIOAdapter](CancellationToken cancellationToken, Int32 estimatedSize)
   at System.Runtime.CompilerServices.PoolingAsyncValueTaskMethodBuilder`1.StateMachineBox`1.System.Threading.Tasks.Sources.IValueTaskSource<TResult>.GetResult(Int16 token)
   at System.Net.Security.SslStream.ReadAsyncInternal[TIOAdapter](Memory`1 buffer, CancellationToken cancellationToken)
   at System.Runtime.CompilerServices.PoolingAsyncValueTaskMethodBuilder`1.StateMachineBox`1.System.Threading.Tasks.Sources.IValueTaskSource<TResult>.GetResult(Int16 token)
   at System.Net.Http.HttpConnection.SendAsync(HttpRequestMessage request, Boolean async, CancellationToken cancellationToken)
[2025-10-24 13:23:04Z ERR  BrokerServer] #####################################################
[2025-10-24 13:23:04Z ERR  BrokerServer] System.Net.Sockets.SocketException (995): L’opération d’entrée/sortie a été abandonnée en raison de l’arrêt d’un thread ou à la demande d’une application.
[2025-10-24 13:23:04Z WARN BrokerServer] Back off 9,578 seconds before next retry. 4 attempt left.
[2025-10-24 13:23:04Z INFO BrokerMessageListener] Get messages has been cancelled using local token source. Continue to get messages with new status.
