[2025-10-24 11:52:02Z INFO HostContext] No proxy settings were found based on environmental variables (http_proxy/https_proxy/HTTP_PROXY/HTTPS_PROXY)
[2025-10-24 11:52:02Z INFO HostContext] Well known directory 'Bin': 'C:\Users\paulo\server\vuln-server\actions-runner\bin'
[2025-10-24 11:52:02Z INFO HostContext] Well known directory 'Root': 'C:\Users\paulo\server\vuln-server\actions-runner'
[2025-10-24 11:52:02Z INFO HostContext] Well known config file 'Credentials': 'C:\Users\paulo\server\vuln-server\actions-runner\.credentials'
[2025-10-24 11:52:02Z INFO HostContext] Well known directory 'Bin': 'C:\Users\paulo\server\vuln-server\actions-runner\bin'
[2025-10-24 11:52:02Z INFO HostContext] Well known directory 'Root': 'C:\Users\paulo\server\vuln-server\actions-runner'
[2025-10-24 11:52:02Z INFO HostContext] Well known config file 'Runner': 'C:\Users\paulo\server\vuln-server\actions-runner\.runner'
[2025-10-24 11:52:02Z INFO Worker] Version: 2.329.0
[2025-10-24 11:52:02Z INFO Worker] Commit: c76c59996c8fa32e989164a5a695efb12608ae5a
[2025-10-24 11:52:02Z INFO Worker] Culture: fr-FR
[2025-10-24 11:52:02Z INFO Worker] UI Culture: fr-FR
[2025-10-24 11:52:02Z INFO Worker] Waiting to receive the job message from the channel.
[2025-10-24 11:52:02Z INFO ProcessChannel] Receiving message of length 20611, with hash '4c1894075f2b32ab57a9ed153bfd8bb2e9157649c957e96c18948bf46d13dbce'
[2025-10-24 11:52:02Z INFO Worker] Message received.
[2025-10-24 11:52:03Z INFO Worker] Job message:
 {
  "fileTable": [
    ".github/workflows/self-hosted.yml"
  ],
  "mask": [
    {
      "type": "regex",
      "value": "***"
    },
    {
      "type": "regex",
      "value": "***"
    },
    {
      "type": "regex",
      "value": "***"
    },
    {
      "type": "regex",
      "value": "***"
    },
    {
      "type": "regex",
      "value": "***"
    },
    {
      "type": "regex",
      "value": "***"
    },
    {
      "type": "regex",
      "value": "***"
    },
    {
      "type": "regex",
      "value": "***"
    },
    {
      "type": "regex",
      "value": "***"
    },
    {
      "type": "regex",
      "value": "***"
    },
    {
      "type": "regex",
      "value": "***"
    },
    {
      "type": "regex",
      "value": "***"
    },
    {
      "type": "regex",
      "value": "***"
    },
    {
      "type": "regex",
      "value": "***"
    },
    {
      "type": "regex",
      "value": "***"
    },
    {
      "type": "regex",
      "value": "***"
    },
    {
      "type": "regex",
      "value": "***"
    },
    {
      "type": "regex",
      "value": "***"
    }
  ],
  "steps": [
    {
      "type": "action",
      "reference": {
        "type": "script"
      },
      "displayNameToken": {
        "type": 0,
        "file": 1,
        "line": 13,
        "col": 15,
        "lit": "Vérification du runner"
      },
      "contextName": "__run",
      "inputs": {
        "type": 2,
        "map": [
          {
            "key": "script",
            "value": {
              "type": 0,
              "file": 1,
              "line": 14,
              "col": 14,
              "lit": "echo \"Runner actif sur $(hostname)\""
            }
          }
        ]
      },
      "condition": "success()",
      "id": "ee34e20e-5712-4207-83fb-5d9f966486fd",
      "name": "__run"
    },
    {
      "type": "action",
      "reference": {
        "type": "script"
      },
      "displayNameToken": {
        "type": 0,
        "file": 1,
        "line": 16,
        "col": 15,
        "lit": "Hello World"
      },
      "contextName": "__run_2",
      "inputs": {
        "type": 2,
        "map": [
          {
            "key": "script",
            "value": {
              "type": 0,
              "file": 1,
              "line": 17,
              "col": 14,
              "lit": "echo \"Hello World depuis le runner self-hosted ✅\""
            }
          }
        ]
      },
      "condition": "success()",
      "id": "10273bf1-371d-4851-9366-14ede0129755",
      "name": "__run_2"
    }
  ],
  "variables": {
    "Actions.EnableHttpRedirects": {
      "value": "true"
    },
    "DistributedTask.AddWarningToNode12Action": {
      "value": "true"
    },
    "DistributedTask.AddWarningToNode16Action": {
      "value": "true"
    },
    "DistributedTask.AllowRunnerContainerHooks": {
      "value": "true"
    },
    "DistributedTask.DeprecateStepOutputCommands": {
      "value": "true"
    },
    "DistributedTask.DetailUntarFailure": {
      "value": "true"
    },
    "DistributedTask.EnableCompositeActions": {
      "value": "true"
    },
    "DistributedTask.EnableJobServerQueueTelemetry": {
      "value": "true"
    },
    "DistributedTask.EnhancedAnnotations": {
      "value": "true"
    },
    "DistributedTask.ForceGithubJavascriptActionsToNode16": {
      "value": "true"
    },
    "DistributedTask.ForceGithubJavascriptActionsToNode20": {
      "value": "true"
    },
    "DistributedTask.LogTemplateErrorsAsDebugMessages": {
      "value": "true"
    },
    "DistributedTask.MarkJobAsFailedOnWorkerCrash": {
      "value": "true"
    },
    "DistributedTask.NewActionMetadata": {
      "value": "true"
    },
    "DistributedTask.UploadStepSummary": {
      "value": "true"
    },
    "DistributedTask.UseActionArchiveCache": {
      "value": "true"
    },
    "DistributedTask.UseWhich2": {
      "value": "true"
    },
    "RunService.FixEmbeddedIssues": {
      "value": "true"
    },
    "actions_add_check_run_id_to_job_context": {
      "value": "true"
    },
    "actions_container_action_runner_temp": {
      "value": "false"
    },
    "actions_display_helpful_actions_download_errors": {
      "value": "true"
    },
    "actions_skip_retry_complete_job_upon_known_errors": {
      "value": "true"
    },
    "actions_uses_cache_service_v2": {
      "value": "true"
    },
    "github_token": {
      "value": "***",
      "isSecret": true
    },
    "system.from_run_service": {
      "value": "true"
    },
    "system.github.job": {
      "value": "hello"
    },
    "system.github.launch_endpoint": {
      "value": "https://launch.actions.githubusercontent.com"
    },
    "system.github.results_endpoint": {
      "value": "https://results-receiver.actions.githubusercontent.com/"
    },
    "system.github.results_upload_with_sdk": {
      "value": "true"
    },
    "system.github.token": {
      "value": "***",
      "isSecret": true
    },
    "system.github.token.permissions": {
      "value": "{\"Actions\":\"write\",\"Attestations\":\"write\",\"Checks\":\"write\",\"Contents\":\"write\",\"Deployments\":\"write\",\"Discussions\":\"write\",\"Issues\":\"write\",\"Metadata\":\"read\",\"Models\":\"read\",\"Packages\":\"write\",\"Pages\":\"write\",\"PullRequests\":\"write\",\"RepositoryProjects\":\"write\",\"SecurityEvents\":\"write\",\"Statuses\":\"write\"}"
    },
    "system.orchestrationId": {
      "value": "ec126079-3db2-4b72-b4b8-4d156acde8a1.hello.__default"
    },
    "system.phaseDisplayName": {
      "value": "hello"
    },
    "system.runner.lowdiskspacethreshold": {
      "value": "100"
    },
    "system.runnerEnvironment": {
      "value": "self-hosted"
    },
    "system.runnerGroupName": {
      "value": "Default"
    }
  },
  "messageType": "RunnerJobRequest",
  "plan": {
    "scopeIdentifier": "00000000-0000-0000-0000-000000000000",
    "planType": "actions",
    "version": 0,
    "planId": "ec126079-3db2-4b72-b4b8-4d156acde8a1",
    "planGroup": null,
    "artifactUri": null,
    "artifactLocation": null,
    "definition": null,
    "owner": null
  },
  "timeline": {
    "id": "ec126079-3db2-4b72-b4b8-4d156acde8a1",
    "changeId": 0,
    "location": null
  },
  "jobId": "f56f9115-d1ab-5fc6-bd70-cec20e091194",
  "jobDisplayName": "hello",
  "jobName": "__default",
  "requestId": 0,
  "lockedUntil": "0001-01-01T00:00:00",
  "resources": {
    "endpoints": [
      {
        "data": {
          "ServerId": "",
          "ServerName": "",
          "CacheServerUrl": "https://artifactcache.actions.githubusercontent.com/srpMjgwpslPWLi78A9Yi5ELWvvVVEUV9JmE1i7QvtJc1pHYiSG/",
          "FeedStreamUrl": "wss://results-receiver.actions.githubusercontent.com/_ws/ingest.sock",
          "ResultsServiceUrl": "https://results-receiver.actions.githubusercontent.com/",
          "PipelinesServiceUrl": "https://pipelinesghubeus3.actions.githubusercontent.com/srpMjgwpslPWLi78A9Yi5ELWvvVVEUV9JmE1i7QvtJc1pHYiSG/",
          "GenerateIdTokenUrl": ""
        },
        "name": "SystemVssConnection",
        "url": "https://run-actions-2-azure-eastus.actions.githubusercontent.com/91/",
        "authorization": {
          "parameters": {
            "AccessToken": "***"
          },
          "scheme": "OAuth"
        },
        "isShared": false,
        "isReady": true
      }
    ]
  },
  "contextData": {
    "github": {
      "t": 2,
      "d": [
        {
          "k": "ref",
          "v": "refs/heads/master"
        },
        {
          "k": "sha",
          "v": "a1dbb187286c6b2c00048f18ebe27b580f8d9dfb"
        },
        {
          "k": "repository",
          "v": "paulocorpo/vulnserver"
        },
        {
          "k": "repository_owner",
          "v": "paulocorpo"
        },
        {
          "k": "repository_owner_id",
          "v": "239959613"
        },
        {
          "k": "repositoryUrl",
          "v": "git://github.com/paulocorpo/vulnserver.git"
        },
        {
          "k": "run_id",
          "v": "18778733002"
        },
        {
          "k": "run_number",
          "v": "1"
        },
        {
          "k": "retention_days",
          "v": "90"
        },
        {
          "k": "run_attempt",
          "v": "2"
        },
        {
          "k": "artifact_cache_size_limit",
          "v": "10"
        },
        {
          "k": "repository_visibility",
          "v": "public"
        },
        {
          "k": "actor_id",
          "v": "93787711"
        },
        {
          "k": "actor",
          "v": "Mushsystem"
        },
        {
          "k": "workflow",
          "v": "Hello World (Self-Hosted)"
        },
        {
          "k": "head_ref",
          "v": ""
        },
        {
          "k": "base_ref",
          "v": ""
        },
        {
          "k": "event_name",
          "v": "push"
        },
        {
          "k": "server_url",
          "v": "https://github.com"
        },
        {
          "k": "api_url",
          "v": "https://api.github.com"
        },
        {
          "k": "graphql_url",
          "v": "https://api.github.com/graphql"
        },
        {
          "k": "ref_name",
          "v": "master"
        },
        {
          "k": "ref_protected",
          "v": false
        },
        {
          "k": "ref_type",
          "v": "branch"
        },
        {
          "k": "secret_source",
          "v": "Actions"
        },
        {
          "k": "event",
          "v": {
            "t": 2,
            "d": [
              {
                "k": "after",
                "v": "a1dbb187286c6b2c00048f18ebe27b580f8d9dfb"
              },
              {
                "k": "base_ref",
                "v": null
              },
              {
                "k": "before",
                "v": "0000000000000000000000000000000000000000"
              },
              {
                "k": "commits",
                "v": {
                  "t": 1,
                  "a": [
                    {
                      "t": 2,
                      "d": [
                        {
                          "k": "author",
                          "v": {
                            "t": 2,
                            "d": [
                              {
                                "k": "email",
                                "v": "paul.oussoultzoglou@gmail.com"
                              },
                              {
                                "k": "name",
                                "v": "Mushsystem"
                              },
                              {
                                "k": "username",
                                "v": "Mushsystem"
                              }
                            ]
                          }
                        },
                        {
                          "k": "committer",
                          "v": {
                            "t": 2,
                            "d": [
                              {
                                "k": "email",
                                "v": "paul.oussoultzoglou@gmail.com"
                              },
                              {
                                "k": "name",
                                "v": "Mushsystem"
                              },
                              {
                                "k": "username",
                                "v": "Mushsystem"
                              }
                            ]
                          }
                        },
                        {
                          "k": "distinct",
                          "v": true
                        },
                        {
                          "k": "id",
                          "v": "eb261a5140fb9bf0ad5fb1347897d00f5d388b89"
                        },
                        {
                          "k": "message",
                          "v": "files"
                        },
                        {
                          "k": "timestamp",
                          "v": "2025-10-24T13:41:55+02:00"
                        },
                        {
                          "k": "tree_id",
                          "v": "738cb4ec15844cfa28fbb46703453f42ff5a0448"
                        },
                        {
                          "k": "url",
                          "v": "https://github.com/paulocorpo/vulnserver/commit/eb261a5140fb9bf0ad5fb1347897d00f5d388b89"
                        }
                      ]
                    },
                    {
                      "t": 2,
                      "d": [
                        {
                          "k": "author",
                          "v": {
                            "t": 2,
                            "d": [
                              {
                                "k": "email",
                                "v": "paul.oussoultzoglou@gmail.com"
                              },
                              {
                                "k": "name",
                                "v": "Mushsystem"
                              },
                              {
                                "k": "username",
                                "v": "Mushsystem"
                              }
                            ]
                          }
                        },
                        {
                          "k": "committer",
                          "v": {
                            "t": 2,
                            "d": [
                              {
                                "k": "email",
                                "v": "paul.oussoultzoglou@gmail.com"
                              },
                              {
                                "k": "name",
                                "v": "Mushsystem"
                              },
                              {
                                "k": "username",
                                "v": "Mushsystem"
                              }
                            ]
                          }
                        },
                        {
                          "k": "distinct",
                          "v": true
                        },
                        {
                          "k": "id",
                          "v": "a1dbb187286c6b2c00048f18ebe27b580f8d9dfb"
                        },
                        {
                          "k": "message",
                          "v": "files"
                        },
                        {
                          "k": "timestamp",
                          "v": "2025-10-24T13:42:47+02:00"
                        },
                        {
                          "k": "tree_id",
                          "v": "706a0d6e764af4636a87208dc4b8bc2018621080"
                        },
                        {
                          "k": "url",
                          "v": "https://github.com/paulocorpo/vulnserver/commit/a1dbb187286c6b2c00048f18ebe27b580f8d9dfb"
                        }
                      ]
                    }
                  ]
                }
              },
              {
                "k": "compare",
                "v": "https://github.com/paulocorpo/vulnserver/compare/eb261a5140fb^...a1dbb187286c"
              },
              {
                "k": "created",
                "v": true
              },
              {
                "k": "deleted",
                "v": false
              },
              {
                "k": "forced",
                "v": false
              },
              {
                "k": "head_commit",
                "v": {
                  "t": 2,
                  "d": [
                    {
                      "k": "author",
                      "v": {
                        "t": 2,
                        "d": [
                          {
                            "k": "email",
                            "v": "paul.oussoultzoglou@gmail.com"
                          },
                          {
                            "k": "name",
                            "v": "Mushsystem"
                          },
                          {
                            "k": "username",
                            "v": "Mushsystem"
                          }
                        ]
                      }
                    },
                    {
                      "k": "committer",
                      "v": {
                        "t": 2,
                        "d": [
                          {
                            "k": "email",
                            "v": "paul.oussoultzoglou@gmail.com"
                          },
                          {
                            "k": "name",
                            "v": "Mushsystem"
                          },
                          {
                            "k": "username",
                            "v": "Mushsystem"
                          }
                        ]
                      }
                    },
                    {
                      "k": "distinct",
                      "v": true
                    },
                    {
                      "k": "id",
                      "v": "a1dbb187286c6b2c00048f18ebe27b580f8d9dfb"
                    },
                    {
                      "k": "message",
                      "v": "files"
                    },
                    {
                      "k": "timestamp",
                      "v": "2025-10-24T13:42:47+02:00"
                    },
                    {
                      "k": "tree_id",
                      "v": "706a0d6e764af4636a87208dc4b8bc2018621080"
                    },
                    {
                      "k": "url",
                      "v": "https://github.com/paulocorpo/vulnserver/commit/a1dbb187286c6b2c00048f18ebe27b580f8d9dfb"
                    }
                  ]
                }
              },
              {
                "k": "organization",
                "v": {
                  "t": 2,
                  "d": [
                    {
                      "k": "avatar_url",
                      "v": "https://avatars.githubusercontent.com/u/239959613?v=4"
                    },
                    {
                      "k": "description",
                      "v": null
                    },
                    {
                      "k": "events_url",
                      "v": "https://api.github.com/orgs/paulocorpo/events"
                    },
                    {
                      "k": "hooks_url",
                      "v": "https://api.github.com/orgs/paulocorpo/hooks"
                    },
                    {
                      "k": "id",
                      "v": 239959613.0
                    },
                    {
                      "k": "issues_url",
                      "v": "https://api.github.com/orgs/paulocorpo/issues"
                    },
                    {
                      "k": "login",
                      "v": "paulocorpo"
                    },
                    {
                      "k": "members_url",
                      "v": "https://api.github.com/orgs/paulocorpo/members{/member}"
                    },
                    {
                      "k": "node_id",
                      "v": "O_kgDODk1-PQ"
                    },
                    {
                      "k": "public_members_url",
                      "v": "https://api.github.com/orgs/paulocorpo/public_members{/member}"
                    },
                    {
                      "k": "repos_url",
                      "v": "https://api.github.com/orgs/paulocorpo/repos"
                    },
                    {
                      "k": "url",
                      "v": "https://api.github.com/orgs/paulocorpo"
                    }
                  ]
                }
              },
              {
                "k": "pusher",
                "v": {
                  "t": 2,
                  "d": [
                    {
                      "k": "email",
                      "v": "93787711+Mushsystem@users.noreply.github.com"
                    },
                    {
                      "k": "name",
                      "v": "Mushsystem"
                    }
                  ]
                }
              },
              {
                "k": "ref",
                "v": "refs/heads/master"
              },
              {
                "k": "repository",
                "v": {
                  "t": 2,
                  "d": [
                    {
                      "k": "allow_forking",
                      "v": true
                    },
                    {
                      "k": "archive_url",
                      "v": "https://api.github.com/repos/paulocorpo/vulnserver/{archive_format}{/ref}"
                    },
                    {
                      "k": "archived",
                      "v": false
                    },
                    {
                      "k": "assignees_url",
                      "v": "https://api.github.com/repos/paulocorpo/vulnserver/assignees{/user}"
                    },
                    {
                      "k": "blobs_url",
                      "v": "https://api.github.com/repos/paulocorpo/vulnserver/git/blobs{/sha}"
                    },
                    {
                      "k": "branches_url",
                      "v": "https://api.github.com/repos/paulocorpo/vulnserver/branches{/branch}"
                    },
                    {
                      "k": "clone_url",
                      "v": "https://github.com/paulocorpo/vulnserver.git"
                    },
                    {
                      "k": "collaborators_url",
                      "v": "https://api.github.com/repos/paulocorpo/vulnserver/collaborators{/collaborator}"
                    },
                    {
                      "k": "comments_url",
                      "v": "https://api.github.com/repos/paulocorpo/vulnserver/comments{/number}"
                    },
                    {
                      "k": "commits_url",
                      "v": "https://api.github.com/repos/paulocorpo/vulnserver/commits{/sha}"
                    },
                    {
                      "k": "compare_url",
                      "v": "https://api.github.com/repos/paulocorpo/vulnserver/compare/{base}...{head}"
                    },
                    {
                      "k": "contents_url",
                      "v": "https://api.github.com/repos/paulocorpo/vulnserver/contents/{+path}"
                    },
                    {
                      "k": "contributors_url",
                      "v": "https://api.github.com/repos/paulocorpo/vulnserver/contributors"
                    },
                    {
                      "k": "created_at",
                      "v": 1761296651.0
                    },
                    {
                      "k": "custom_properties",
                      "v": {
                        "t": 2
                      }
                    },
                    {
                      "k": "default_branch",
                      "v": "main"
                    },
                    {
                      "k": "deployments_url",
                      "v": "https://api.github.com/repos/paulocorpo/vulnserver/deployments"
                    },
                    {
                      "k": "description",
                      "v": null
                    },
                    {
                      "k": "disabled",
                      "v": false
                    },
                    {
                      "k": "downloads_url",
                      "v": "https://api.github.com/repos/paulocorpo/vulnserver/downloads"
                    },
                    {
                      "k": "events_url",
                      "v": "https://api.github.com/repos/paulocorpo/vulnserver/events"
                    },
                    {
                      "k": "fork",
                      "v": false
                    },
                    {
                      "k": "forks",
                      "v": 0.0
                    },
                    {
                      "k": "forks_count",
                      "v": 0.0
                    },
                    {
                      "k": "forks_url",
                      "v": "https://api.github.com/repos/paulocorpo/vulnserver/forks"
                    },
                    {
                      "k": "full_name",
                      "v": "paulocorpo/vulnserver"
                    },
                    {
                      "k": "git_commits_url",
                      "v": "https://api.github.com/repos/paulocorpo/vulnserver/git/commits{/sha}"
                    },
                    {
                      "k": "git_refs_url",
                      "v": "https://api.github.com/repos/paulocorpo/vulnserver/git/refs{/sha}"
                    },
                    {
                      "k": "git_tags_url",
                      "v": "https://api.github.com/repos/paulocorpo/vulnserver/git/tags{/sha}"
                    },
                    {
                      "k": "git_url",
                      "v": "git://github.com/paulocorpo/vulnserver.git"
                    },
                    {
                      "k": "has_discussions",
                      "v": false
                    },
                    {
                      "k": "has_downloads",
                      "v": true
                    },
                    {
                      "k": "has_issues",
                      "v": true
                    },
                    {
                      "k": "has_pages",
                      "v": false
                    },
                    {
                      "k": "has_projects",
                      "v": true
                    },
                    {
                      "k": "has_wiki",
                      "v": true
                    },
                    {
                      "k": "homepage",
                      "v": null
                    },
                    {
                      "k": "hooks_url",
                      "v": "https://api.github.com/repos/paulocorpo/vulnserver/hooks"
                    },
                    {
                      "k": "html_url",
                      "v": "https://github.com/paulocorpo/vulnserver"
                    },
                    {
                      "k": "id",
                      "v": 1082451857.0
                    },
                    {
                      "k": "is_template",
                      "v": false
                    },
                    {
                      "k": "issue_comment_url",
                      "v": "https://api.github.com/repos/paulocorpo/vulnserver/issues/comments{/number}"
                    },
                    {
                      "k": "issue_events_url",
                      "v": "https://api.github.com/repos/paulocorpo/vulnserver/issues/events{/number}"
                    },
                    {
                      "k": "issues_url",
                      "v": "https://api.github.com/repos/paulocorpo/vulnserver/issues{/number}"
                    },
                    {
                      "k": "keys_url",
                      "v": "https://api.github.com/repos/paulocorpo/vulnserver/keys{/key_id}"
                    },
                    {
                      "k": "labels_url",
                      "v": "https://api.github.com/repos/paulocorpo/vulnserver/labels{/name}"
                    },
                    {
                      "k": "language",
                      "v": "JavaScript"
                    },
                    {
                      "k": "languages_url",
                      "v": "https://api.github.com/repos/paulocorpo/vulnserver/languages"
                    },
                    {
                      "k": "license",
                      "v": null
                    },
                    {
                      "k": "master_branch",
                      "v": "main"
                    },
                    {
                      "k": "merges_url",
                      "v": "https://api.github.com/repos/paulocorpo/vulnserver/merges"
                    },
                    {
                      "k": "milestones_url",
                      "v": "https://api.github.com/repos/paulocorpo/vulnserver/milestones{/number}"
                    },
                    {
                      "k": "mirror_url",
                      "v": null
                    },
                    {
                      "k": "name",
                      "v": "vulnserver"
                    },
                    {
                      "k": "node_id",
                      "v": "R_kgDOQITnkQ"
                    },
                    {
                      "k": "notifications_url",
                      "v": "https://api.github.com/repos/paulocorpo/vulnserver/notifications{?since,all,participating}"
                    },
                    {
                      "k": "open_issues",
                      "v": 0.0
                    },
                    {
                      "k": "open_issues_count",
                      "v": 0.0
                    },
                    {
                      "k": "organization",
                      "v": "paulocorpo"
                    },
                    {
                      "k": "owner",
                      "v": {
                        "t": 2,
                        "d": [
                          {
                            "k": "avatar_url",
                            "v": "https://avatars.githubusercontent.com/u/239959613?v=4"
                          },
                          {
                            "k": "email",
                            "v": null
                          },
                          {
                            "k": "events_url",
                            "v": "https://api.github.com/users/paulocorpo/events{/privacy}"
                          },
                          {
                            "k": "followers_url",
                            "v": "https://api.github.com/users/paulocorpo/followers"
                          },
                          {
                            "k": "following_url",
                            "v": "https://api.github.com/users/paulocorpo/following{/other_user}"
                          },
                          {
                            "k": "gists_url",
                            "v": "https://api.github.com/users/paulocorpo/gists{/gist_id}"
                          },
                          {
                            "k": "gravatar_id",
                            "v": ""
                          },
                          {
                            "k": "html_url",
                            "v": "https://github.com/paulocorpo"
                          },
                          {
                            "k": "id",
                            "v": 239959613.0
                          },
                          {
                            "k": "login",
                            "v": "paulocorpo"
                          },
                          {
                            "k": "name",
                            "v": "paulocorpo"
                          },
                          {
                            "k": "node_id",
                            "v": "O_kgDODk1-PQ"
                          },
                          {
                            "k": "organizations_url",
                            "v": "https://api.github.com/users/paulocorpo/orgs"
                          },
                          {
                            "k": "received_events_url",
                            "v": "https://api.github.com/users/paulocorpo/received_events"
                          },
                          {
                            "k": "repos_url",
                            "v": "https://api.github.com/users/paulocorpo/repos"
                          },
                          {
                            "k": "site_admin",
                            "v": false
                          },
                          {
                            "k": "starred_url",
                            "v": "https://api.github.com/users/paulocorpo/starred{/owner}{/repo}"
                          },
                          {
                            "k": "subscriptions_url",
                            "v": "https://api.github.com/users/paulocorpo/subscriptions"
                          },
                          {
                            "k": "type",
                            "v": "Organization"
                          },
                          {
                            "k": "url",
                            "v": "https://api.github.com/users/paulocorpo"
                          },
                          {
                            "k": "user_view_type",
                            "v": "public"
                          }
                        ]
                      }
                    },
                    {
                      "k": "private",
                      "v": false
                    },
                    {
                      "k": "pulls_url",
                      "v": "https://api.github.com/repos/paulocorpo/vulnserver/pulls{/number}"
                    },
                    {
                      "k": "pushed_at",
                      "v": 1761306228.0
                    },
                    {
                      "k": "releases_url",
                      "v": "https://api.github.com/repos/paulocorpo/vulnserver/releases{/id}"
                    },
                    {
                      "k": "size",
                      "v": 181559.0
                    },
                    {
                      "k": "ssh_url",
                      "v": "git@github.com:paulocorpo/vulnserver.git"
                    },
                    {
                      "k": "stargazers",
                      "v": 0.0
                    },
                    {
                      "k": "stargazers_count",
                      "v": 0.0
                    },
                    {
                      "k": "stargazers_url",
                      "v": "https://api.github.com/repos/paulocorpo/vulnserver/stargazers"
                    },
                    {
                      "k": "statuses_url",
                      "v": "https://api.github.com/repos/paulocorpo/vulnserver/statuses/{sha}"
                    },
                    {
                      "k": "subscribers_url",
                      "v": "https://api.github.com/repos/paulocorpo/vulnserver/subscribers"
                    },
                    {
                      "k": "subscription_url",
                      "v": "https://api.github.com/repos/paulocorpo/vulnserver/subscription"
                    },
                    {
                      "k": "svn_url",
                      "v": "https://github.com/paulocorpo/vulnserver"
                    },
                    {
                      "k": "tags_url",
                      "v": "https://api.github.com/repos/paulocorpo/vulnserver/tags"
                    },
                    {
                      "k": "teams_url",
                      "v": "https://api.github.com/repos/paulocorpo/vulnserver/teams"
                    },
                    {
                      "k": "topics",
                      "v": {
                        "t": 1
                      }
                    },
                    {
                      "k": "trees_url",
                      "v": "https://api.github.com/repos/paulocorpo/vulnserver/git/trees{/sha}"
                    },
                    {
                      "k": "updated_at",
                      "v": "2025-10-24T11:22:15Z"
                    },
                    {
                      "k": "url",
                      "v": "https://api.github.com/repos/paulocorpo/vulnserver"
                    },
                    {
                      "k": "visibility",
                      "v": "public"
                    },
                    {
                      "k": "watchers",
                      "v": 0.0
                    },
                    {
                      "k": "watchers_count",
                      "v": 0.0
                    },
                    {
                      "k": "web_commit_signoff_required",
                      "v": false
                    }
                  ]
                }
              },
              {
                "k": "sender",
                "v": {
                  "t": 2,
                  "d": [
                    {
                      "k": "avatar_url",
                      "v": "https://avatars.githubusercontent.com/u/93787711?v=4"
                    },
                    {
                      "k": "events_url",
                      "v": "https://api.github.com/users/Mushsystem/events{/privacy}"
                    },
                    {
                      "k": "followers_url",
                      "v": "https://api.github.com/users/Mushsystem/followers"
                    },
                    {
                      "k": "following_url",
                      "v": "https://api.github.com/users/Mushsystem/following{/other_user}"
                    },
                    {
                      "k": "gists_url",
                      "v": "https://api.github.com/users/Mushsystem/gists{/gist_id}"
                    },
                    {
                      "k": "gravatar_id",
                      "v": ""
                    },
                    {
                      "k": "html_url",
                      "v": "https://github.com/Mushsystem"
                    },
                    {
                      "k": "id",
                      "v": 93787711.0
                    },
                    {
                      "k": "login",
                      "v": "Mushsystem"
                    },
                    {
                      "k": "node_id",
                      "v": "U_kgDOBZcWPw"
                    },
                    {
                      "k": "organizations_url",
                      "v": "https://api.github.com/users/Mushsystem/orgs"
                    },
                    {
                      "k": "received_events_url",
                      "v": "https://api.github.com/users/Mushsystem/received_events"
                    },
                    {
                      "k": "repos_url",
                      "v": "https://api.github.com/users/Mushsystem/repos"
                    },
                    {
                      "k": "site_admin",
                      "v": false
                    },
                    {
                      "k": "starred_url",
                      "v": "https://api.github.com/users/Mushsystem/starred{/owner}{/repo}"
                    },
                    {
                      "k": "subscriptions_url",
                      "v": "https://api.github.com/users/Mushsystem/subscriptions"
                    },
                    {
                      "k": "type",
                      "v": "User"
                    },
                    {
                      "k": "url",
                      "v": "https://api.github.com/users/Mushsystem"
                    },
                    {
                      "k": "user_view_type",
                      "v": "public"
                    }
                  ]
                }
              }
            ]
          }
        },
        {
          "k": "workflow_ref",
          "v": "paulocorpo/vulnserver/.github/workflows/self-hosted.yml@refs/heads/master"
        },
        {
          "k": "workflow_sha",
          "v": "a1dbb187286c6b2c00048f18ebe27b580f8d9dfb"
        },
        {
          "k": "repository_id",
          "v": "1082451857"
        },
        {
          "k": "triggering_actor",
          "v": "Mushsystem"
        }
      ]
    },
    "inputs": {
      "t": 2
    },
    "job": {
      "t": 2,
      "d": [
        {
          "k": "check_run_id",
          "v": 53579878141.0
        }
      ]
    },
    "matrix": null,
    "needs": {
      "t": 2
    },
    "strategy": {
      "t": 2,
      "d": [
        {
          "k": "fail-fast",
          "v": true
        },
        {
          "k": "job-index",
          "v": 0.0
        },
        {
          "k": "job-total",
          "v": 1.0
        },
        {
          "k": "max-parallel",
          "v": 1.0
        }
      ]
    },
    "vars": {
      "t": 2
    }
  },
  "billingOwnerId": "O_kgDODk1-PQ"
}
[2025-10-24 11:52:03Z INFO JobRunner] Job ID f56f9115-d1ab-5fc6-bd70-cec20e091194
[2025-10-24 11:52:03Z INFO ConfigurationStore] currentAssemblyLocation: C:\Users\paulo\server\vuln-server\actions-runner\bin\Runner.Worker.dll
[2025-10-24 11:52:03Z INFO HostContext] Well known directory 'Bin': 'C:\Users\paulo\server\vuln-server\actions-runner\bin'
[2025-10-24 11:52:03Z INFO ConfigurationStore] binPath: C:\Users\paulo\server\vuln-server\actions-runner\bin
[2025-10-24 11:52:03Z INFO HostContext] Well known directory 'Bin': 'C:\Users\paulo\server\vuln-server\actions-runner\bin'
[2025-10-24 11:52:03Z INFO HostContext] Well known directory 'Root': 'C:\Users\paulo\server\vuln-server\actions-runner'
[2025-10-24 11:52:03Z INFO ConfigurationStore] RootFolder: C:\Users\paulo\server\vuln-server\actions-runner
[2025-10-24 11:52:03Z INFO HostContext] Well known directory 'Bin': 'C:\Users\paulo\server\vuln-server\actions-runner\bin'
[2025-10-24 11:52:03Z INFO HostContext] Well known directory 'Root': 'C:\Users\paulo\server\vuln-server\actions-runner'
[2025-10-24 11:52:03Z INFO HostContext] Well known config file 'Runner': 'C:\Users\paulo\server\vuln-server\actions-runner\.runner'
[2025-10-24 11:52:03Z INFO ConfigurationStore] ConfigFilePath: C:\Users\paulo\server\vuln-server\actions-runner\.runner
[2025-10-24 11:52:03Z INFO HostContext] Well known directory 'Bin': 'C:\Users\paulo\server\vuln-server\actions-runner\bin'
[2025-10-24 11:52:03Z INFO HostContext] Well known directory 'Root': 'C:\Users\paulo\server\vuln-server\actions-runner'
[2025-10-24 11:52:03Z INFO HostContext] Well known config file 'MigratedRunner': 'C:\Users\paulo\server\vuln-server\actions-runner\.runner_migrated'
[2025-10-24 11:52:03Z INFO ConfigurationStore] MigratedConfigFilePath: C:\Users\paulo\server\vuln-server\actions-runner\.runner_migrated
[2025-10-24 11:52:03Z INFO HostContext] Well known directory 'Bin': 'C:\Users\paulo\server\vuln-server\actions-runner\bin'
[2025-10-24 11:52:03Z INFO HostContext] Well known directory 'Root': 'C:\Users\paulo\server\vuln-server\actions-runner'
[2025-10-24 11:52:03Z INFO HostContext] Well known config file 'Credentials': 'C:\Users\paulo\server\vuln-server\actions-runner\.credentials'
[2025-10-24 11:52:03Z INFO ConfigurationStore] CredFilePath: C:\Users\paulo\server\vuln-server\actions-runner\.credentials
[2025-10-24 11:52:03Z INFO HostContext] Well known directory 'Bin': 'C:\Users\paulo\server\vuln-server\actions-runner\bin'
[2025-10-24 11:52:03Z INFO HostContext] Well known directory 'Root': 'C:\Users\paulo\server\vuln-server\actions-runner'
[2025-10-24 11:52:03Z INFO HostContext] Well known config file 'MigratedCredentials': 'C:\Users\paulo\server\vuln-server\actions-runner\.credentials_migrated'
[2025-10-24 11:52:03Z INFO ConfigurationStore] MigratedCredFilePath: C:\Users\paulo\server\vuln-server\actions-runner\.credentials_migrated
[2025-10-24 11:52:03Z INFO HostContext] Well known directory 'Bin': 'C:\Users\paulo\server\vuln-server\actions-runner\bin'
[2025-10-24 11:52:03Z INFO HostContext] Well known directory 'Root': 'C:\Users\paulo\server\vuln-server\actions-runner'
[2025-10-24 11:52:03Z INFO HostContext] Well known config file 'Service': 'C:\Users\paulo\server\vuln-server\actions-runner\.service'
[2025-10-24 11:52:03Z INFO ConfigurationStore] ServiceConfigFilePath: C:\Users\paulo\server\vuln-server\actions-runner\.service
[2025-10-24 11:52:03Z INFO ConfigurationStore] Read setting file: 394 chars
[2025-10-24 11:52:03Z INFO JobRunner] Initializing launch client
[2025-10-24 11:52:03Z INFO JobServerQueue] Initializing results client
[2025-10-24 11:52:03Z INFO ResultServer] Creating websocket client ...wss://results-receiver.actions.githubusercontent.com/_ws/ingest.sock
[2025-10-24 11:52:03Z INFO ResultServer] Attempting to start websocket client with delay 00:00:00.
[2025-10-24 11:52:03Z INFO JobServerQueue] Start process web console line queue.
[2025-10-24 11:52:03Z INFO JobServerQueue] Start process file upload queue.
[2025-10-24 11:52:03Z INFO JobServerQueue] Start results file upload queue.
[2025-10-24 11:52:03Z INFO JobServerQueue] Starting results-based upload queue...
[2025-10-24 11:52:03Z INFO JobServerQueue] Start process timeline update queue.
[2025-10-24 11:52:03Z INFO ExecutionContext] Initializing Job context
[2025-10-24 11:52:03Z INFO ExecutionContext] Initialize GitHub context
[2025-10-24 11:52:03Z INFO ExecutionContext] Initialize Env context
[2025-10-24 11:52:03Z INFO HostContext] Well known directory 'Bin': 'C:\Users\paulo\server\vuln-server\actions-runner\bin'
[2025-10-24 11:52:03Z INFO HostContext] Well known directory 'Root': 'C:\Users\paulo\server\vuln-server\actions-runner'
[2025-10-24 11:52:03Z INFO HostContext] Well known directory 'Diag': 'C:\Users\paulo\server\vuln-server\actions-runner\_diag'
[2025-10-24 11:52:03Z INFO HostContext] Well known directory 'Bin': 'C:\Users\paulo\server\vuln-server\actions-runner\bin'
[2025-10-24 11:52:03Z INFO HostContext] Well known directory 'Root': 'C:\Users\paulo\server\vuln-server\actions-runner'
[2025-10-24 11:52:03Z INFO HostContext] Well known directory 'Diag': 'C:\Users\paulo\server\vuln-server\actions-runner\_diag'
[2025-10-24 11:52:03Z INFO JobRunner] Starting the job execution context.
[2025-10-24 11:52:03Z INFO HostContext] Well known directory 'Bin': 'C:\Users\paulo\server\vuln-server\actions-runner\bin'
[2025-10-24 11:52:03Z INFO HostContext] Well known directory 'Root': 'C:\Users\paulo\server\vuln-server\actions-runner'
[2025-10-24 11:52:03Z INFO HostContext] Well known directory 'Work': 'C:\Users\paulo\server\vuln-server\actions-runner\_work'
[2025-10-24 11:52:03Z INFO JobRunner] Validating directory permissions for: 'C:\Users\paulo\server\vuln-server\actions-runner\_work'
[2025-10-24 11:52:03Z INFO HostContext] Well known directory 'Bin': 'C:\Users\paulo\server\vuln-server\actions-runner\bin'
[2025-10-24 11:52:03Z INFO HostContext] Well known directory 'Root': 'C:\Users\paulo\server\vuln-server\actions-runner'
[2025-10-24 11:52:03Z INFO HostContext] Well known directory 'Work': 'C:\Users\paulo\server\vuln-server\actions-runner\_work'
[2025-10-24 11:52:03Z INFO HostContext] Well known directory 'Tools': 'C:\Users\paulo\server\vuln-server\actions-runner\_work\_tool'
[2025-10-24 11:52:03Z INFO HostContext] Well known directory 'Bin': 'C:\Users\paulo\server\vuln-server\actions-runner\bin'
[2025-10-24 11:52:03Z INFO HostContext] Well known directory 'Root': 'C:\Users\paulo\server\vuln-server\actions-runner'
[2025-10-24 11:52:03Z INFO HostContext] Well known directory 'Work': 'C:\Users\paulo\server\vuln-server\actions-runner\_work'
[2025-10-24 11:52:03Z INFO HostContext] Well known directory 'Temp': 'C:\Users\paulo\server\vuln-server\actions-runner\_work\_temp'
[2025-10-24 11:52:03Z INFO JobRunner] Getting job extension.
[2025-10-24 11:52:03Z INFO JobRunner] Initialize job. Getting all job steps.
[2025-10-24 11:52:03Z INFO HostContext] Well known directory 'Bin': 'C:\Users\paulo\server\vuln-server\actions-runner\bin'
[2025-10-24 11:52:03Z INFO HostContext] Well known directory 'Root': 'C:\Users\paulo\server\vuln-server\actions-runner'
[2025-10-24 11:52:03Z INFO HostContext] Well known directory 'Diag': 'C:\Users\paulo\server\vuln-server\actions-runner\_diag'
[2025-10-24 11:52:03Z INFO HostContext] Well known directory 'Bin': 'C:\Users\paulo\server\vuln-server\actions-runner\bin'
[2025-10-24 11:52:03Z INFO HostContext] Well known directory 'Root': 'C:\Users\paulo\server\vuln-server\actions-runner'
[2025-10-24 11:52:03Z INFO HostContext] Well known directory 'Diag': 'C:\Users\paulo\server\vuln-server\actions-runner\_diag'
[2025-10-24 11:52:03Z INFO HostContext] Well known directory 'Bin': 'C:\Users\paulo\server\vuln-server\actions-runner\bin'
[2025-10-24 11:52:03Z INFO HostContext] Well known directory 'Root': 'C:\Users\paulo\server\vuln-server\actions-runner'
[2025-10-24 11:52:03Z INFO HostContext] Well known config file 'Credentials': 'C:\Users\paulo\server\vuln-server\actions-runner\.credentials'
[2025-10-24 11:52:03Z INFO HostContext] Well known directory 'Bin': 'C:\Users\paulo\server\vuln-server\actions-runner\bin'
[2025-10-24 11:52:03Z INFO HostContext] Well known directory 'Root': 'C:\Users\paulo\server\vuln-server\actions-runner'
[2025-10-24 11:52:03Z INFO HostContext] Well known config file 'SetupInfo': 'C:\Users\paulo\server\vuln-server\actions-runner\.setup_info'
[2025-10-24 11:52:03Z INFO HostContext] Well known directory 'Bin': 'C:\Users\paulo\server\vuln-server\actions-runner\bin'
[2025-10-24 11:52:03Z INFO HostContext] Well known directory 'Root': 'C:\Users\paulo\server\vuln-server\actions-runner'
[2025-10-24 11:52:03Z INFO HostContext] Well known directory 'Work': 'C:\Users\paulo\server\vuln-server\actions-runner\_work'
[2025-10-24 11:52:03Z INFO PipelineDirectoryManager] Loading tracking config if exists: C:\Users\paulo\server\vuln-server\actions-runner\_work\_PipelineMapping\paulocorpo/vulnserver\PipelineFolder.json
[2025-10-24 11:52:03Z INFO PipelineDirectoryManager] Creating a new tracking config file.
[2025-10-24 11:52:03Z INFO HostContext] Well known directory 'Bin': 'C:\Users\paulo\server\vuln-server\actions-runner\bin'
[2025-10-24 11:52:03Z INFO HostContext] Well known directory 'Root': 'C:\Users\paulo\server\vuln-server\actions-runner'
[2025-10-24 11:52:03Z INFO HostContext] Well known directory 'Work': 'C:\Users\paulo\server\vuln-server\actions-runner\_work'
[2025-10-24 11:52:03Z INFO PipelineDirectoryManager] Creating pipeline directory.
[2025-10-24 11:52:03Z INFO HostContext] Well known directory 'Bin': 'C:\Users\paulo\server\vuln-server\actions-runner\bin'
[2025-10-24 11:52:03Z INFO HostContext] Well known directory 'Root': 'C:\Users\paulo\server\vuln-server\actions-runner'
[2025-10-24 11:52:03Z INFO HostContext] Well known directory 'Work': 'C:\Users\paulo\server\vuln-server\actions-runner\_work'
[2025-10-24 11:52:03Z INFO PipelineDirectoryManager] Creating workspace directory.
[2025-10-24 11:52:03Z INFO HostContext] Well known directory 'Bin': 'C:\Users\paulo\server\vuln-server\actions-runner\bin'
[2025-10-24 11:52:03Z INFO HostContext] Well known directory 'Root': 'C:\Users\paulo\server\vuln-server\actions-runner'
[2025-10-24 11:52:03Z INFO HostContext] Well known directory 'Work': 'C:\Users\paulo\server\vuln-server\actions-runner\_work'
[2025-10-24 11:52:03Z INFO JobExtension] Downloading actions
[2025-10-24 11:52:03Z INFO HostContext] Well known directory 'Bin': 'C:\Users\paulo\server\vuln-server\actions-runner\bin'
[2025-10-24 11:52:03Z INFO HostContext] Well known directory 'Root': 'C:\Users\paulo\server\vuln-server\actions-runner'
[2025-10-24 11:52:03Z INFO HostContext] Well known directory 'Work': 'C:\Users\paulo\server\vuln-server\actions-runner\_work'
[2025-10-24 11:52:03Z INFO HostContext] Well known directory 'Actions': 'C:\Users\paulo\server\vuln-server\actions-runner\_work\_actions'
[2025-10-24 11:52:03Z INFO JobExtension] Adding .
[2025-10-24 11:52:03Z INFO JobExtension] Adding .
[2025-10-24 11:52:03Z INFO HostContext] Well known directory 'Bin': 'C:\Users\paulo\server\vuln-server\actions-runner\bin'
[2025-10-24 11:52:03Z INFO HostContext] Well known directory 'Root': 'C:\Users\paulo\server\vuln-server\actions-runner'
[2025-10-24 11:52:03Z INFO HostContext] Well known directory 'Diag': 'C:\Users\paulo\server\vuln-server\actions-runner\_diag'
[2025-10-24 11:52:03Z INFO HostContext] Well known directory 'Bin': 'C:\Users\paulo\server\vuln-server\actions-runner\bin'
[2025-10-24 11:52:03Z INFO HostContext] Well known directory 'Root': 'C:\Users\paulo\server\vuln-server\actions-runner'
[2025-10-24 11:52:03Z INFO HostContext] Well known directory 'Diag': 'C:\Users\paulo\server\vuln-server\actions-runner\_diag'
[2025-10-24 11:52:03Z INFO HostContext] Well known directory 'Bin': 'C:\Users\paulo\server\vuln-server\actions-runner\bin'
[2025-10-24 11:52:03Z INFO HostContext] Well known directory 'Root': 'C:\Users\paulo\server\vuln-server\actions-runner'
[2025-10-24 11:52:03Z INFO HostContext] Well known directory 'Diag': 'C:\Users\paulo\server\vuln-server\actions-runner\_diag'
[2025-10-24 11:52:03Z INFO HostContext] Well known directory 'Bin': 'C:\Users\paulo\server\vuln-server\actions-runner\bin'
[2025-10-24 11:52:03Z INFO HostContext] Well known directory 'Root': 'C:\Users\paulo\server\vuln-server\actions-runner'
[2025-10-24 11:52:03Z INFO HostContext] Well known directory 'Diag': 'C:\Users\paulo\server\vuln-server\actions-runner\_diag'
[2025-10-24 11:52:03Z INFO JobExtension] Total accessible running process: 395.
[2025-10-24 11:52:03Z INFO HostContext] Well known directory 'Bin': 'C:\Users\paulo\server\vuln-server\actions-runner\bin'
[2025-10-24 11:52:03Z INFO HostContext] Well known directory 'Root': 'C:\Users\paulo\server\vuln-server\actions-runner'
[2025-10-24 11:52:03Z INFO HostContext] Well known directory 'Work': 'C:\Users\paulo\server\vuln-server\actions-runner\_work'
[2025-10-24 11:52:03Z INFO JobExtension] Start checking service connectivity in background.
[2025-10-24 11:52:03Z INFO ExecutionContext] Publish step telemetry for current step {
  "action": "setup_job",
  "type": "runner",
  "stage": "Pre",
  "stepId": "4c5ead87-fc6d-4fa0-a799-c3acbdf54892",
  "result": "succeeded",
  "errorMessages": [],
  "executionTimeInSeconds": 1,
  "startTime": "2025-10-24T11:52:03.2391574Z",
  "finishTime": "2025-10-24T11:52:03.380055Z"
}.
[2025-10-24 11:52:03Z INFO JobRunner] Total job steps: 2.
[2025-10-24 11:52:03Z INFO JobRunner] Run all job steps.
[2025-10-24 11:52:03Z INFO StepsRunner] Processing step: DisplayName='Vérification du runner'
[2025-10-24 11:52:03Z INFO StepsRunner] Evaluating: success()
[2025-10-24 11:52:03Z INFO StepsRunner] Result: true
[2025-10-24 11:52:03Z INFO StepsRunner] Starting the step.
[2025-10-24 11:52:03Z INFO HostContext] Well known directory 'Bin': 'C:\Users\paulo\server\vuln-server\actions-runner\bin'
[2025-10-24 11:52:03Z INFO HostContext] Well known directory 'Root': 'C:\Users\paulo\server\vuln-server\actions-runner'
[2025-10-24 11:52:03Z INFO HostContext] Well known directory 'Work': 'C:\Users\paulo\server\vuln-server\actions-runner\_work'
[2025-10-24 11:52:03Z INFO StepsRunner] Which2: 'chcp'
[2025-10-24 11:52:03Z INFO StepsRunner] Location: 'C:\windows\system32\chcp.COM'
[2025-10-24 11:52:03Z INFO ProcessInvokerWrapper] Starting process:
[2025-10-24 11:52:03Z INFO ProcessInvokerWrapper]   File name: 'C:\windows\system32\chcp.COM'
[2025-10-24 11:52:03Z INFO ProcessInvokerWrapper]   Arguments: '65001'
[2025-10-24 11:52:03Z INFO ProcessInvokerWrapper]   Working directory: 'C:\Users\paulo\server\vuln-server\actions-runner\_work'
[2025-10-24 11:52:03Z INFO ProcessInvokerWrapper]   Require exit code zero: 'False'
[2025-10-24 11:52:03Z INFO ProcessInvokerWrapper]   Encoding web name:  ; code page: ''
[2025-10-24 11:52:03Z INFO ProcessInvokerWrapper]   Force kill process on cancellation: 'False'
[2025-10-24 11:52:03Z INFO ProcessInvokerWrapper]   Redirected STDIN: 'False'
[2025-10-24 11:52:03Z INFO ProcessInvokerWrapper]   Persist current code page: 'True'
[2025-10-24 11:52:03Z INFO ProcessInvokerWrapper]   Keep redirected STDIN open: 'False'
[2025-10-24 11:52:03Z INFO ProcessInvokerWrapper]   High priority process: 'False'
[2025-10-24 11:52:03Z INFO ProcessInvokerWrapper] Process started with process id 22688, waiting for process exit.
[2025-10-24 11:52:03Z INFO Worker] Listening for cancel message from the channel.
[2025-10-24 11:52:03Z INFO Worker] Waiting for the job to complete or for a cancel message from the channel.
[2025-10-24 11:52:03Z INFO ProcessInvokerWrapper] STDOUT/STDERR stream read finished.
[2025-10-24 11:52:03Z INFO ProcessInvokerWrapper] STDOUT/STDERR stream read finished.
[2025-10-24 11:52:03Z INFO ProcessInvokerWrapper] Finished process 22688 with exit code 0, and elapsed time 00:00:00.0185785.
[2025-10-24 11:52:03Z INFO StepsRunner] Successfully returned to code page 65001 (UTF8)
[2025-10-24 11:52:03Z INFO HostContext] Well known directory 'Bin': 'C:\Users\paulo\server\vuln-server\actions-runner\bin'
[2025-10-24 11:52:03Z INFO HostContext] Well known directory 'Root': 'C:\Users\paulo\server\vuln-server\actions-runner'
[2025-10-24 11:52:03Z INFO HostContext] Well known directory 'Work': 'C:\Users\paulo\server\vuln-server\actions-runner\_work'
[2025-10-24 11:52:03Z INFO HostContext] Well known directory 'Temp': 'C:\Users\paulo\server\vuln-server\actions-runner\_work\_temp'
[2025-10-24 11:52:03Z INFO ExecutionContext] Write event payload to C:\Users\paulo\server\vuln-server\actions-runner\_work\_temp\_github_workflow\event.json
[2025-10-24 11:52:03Z INFO HostContext] Well known directory 'Bin': 'C:\Users\paulo\server\vuln-server\actions-runner\bin'
[2025-10-24 11:52:03Z INFO HostContext] Well known directory 'Root': 'C:\Users\paulo\server\vuln-server\actions-runner'
[2025-10-24 11:52:03Z INFO HostContext] Well known directory 'Work': 'C:\Users\paulo\server\vuln-server\actions-runner\_work'
[2025-10-24 11:52:03Z INFO HostContext] Well known directory 'Temp': 'C:\Users\paulo\server\vuln-server\actions-runner\_work\_temp'
[2025-10-24 11:52:03Z INFO ExtensionManager] Getting extensions for interface: 'GitHub.Runner.Worker.IFileCommandExtension'
[2025-10-24 11:52:03Z INFO ExtensionManager] Creating instance: GitHub.Runner.Worker.AddPathFileCommand, Runner.Worker
[2025-10-24 11:52:03Z INFO ExtensionManager] Creating instance: GitHub.Runner.Worker.SetEnvFileCommand, Runner.Worker
[2025-10-24 11:52:03Z INFO ExtensionManager] Creating instance: GitHub.Runner.Worker.CreateStepSummaryCommand, Runner.Worker
[2025-10-24 11:52:03Z INFO ExtensionManager] Creating instance: GitHub.Runner.Worker.SaveStateFileCommand, Runner.Worker
[2025-10-24 11:52:03Z INFO ExtensionManager] Creating instance: GitHub.Runner.Worker.SetOutputFileCommand, Runner.Worker
[2025-10-24 11:52:03Z INFO ExtensionManager] Getting extensions for interface: 'GitHub.Runner.Worker.IActionCommandExtension'
[2025-10-24 11:52:03Z INFO ExtensionManager] Creating instance: GitHub.Runner.Worker.InternalPluginSetRepoPathCommandExtension, Runner.Worker
[2025-10-24 11:52:03Z INFO ExtensionManager] Creating instance: GitHub.Runner.Worker.SetEnvCommandExtension, Runner.Worker
[2025-10-24 11:52:03Z INFO ExtensionManager] Creating instance: GitHub.Runner.Worker.SetOutputCommandExtension, Runner.Worker
[2025-10-24 11:52:03Z INFO ExtensionManager] Creating instance: GitHub.Runner.Worker.SaveStateCommandExtension, Runner.Worker
[2025-10-24 11:52:03Z INFO ExtensionManager] Creating instance: GitHub.Runner.Worker.AddPathCommandExtension, Runner.Worker
[2025-10-24 11:52:03Z INFO ExtensionManager] Creating instance: GitHub.Runner.Worker.AddMaskCommandExtension, Runner.Worker
[2025-10-24 11:52:03Z INFO ExtensionManager] Creating instance: GitHub.Runner.Worker.AddMatcherCommandExtension, Runner.Worker
[2025-10-24 11:52:03Z INFO ExtensionManager] Creating instance: GitHub.Runner.Worker.RemoveMatcherCommandExtension, Runner.Worker
[2025-10-24 11:52:03Z INFO ExtensionManager] Creating instance: GitHub.Runner.Worker.WarningCommandExtension, Runner.Worker
[2025-10-24 11:52:03Z INFO ExtensionManager] Creating instance: GitHub.Runner.Worker.ErrorCommandExtension, Runner.Worker
[2025-10-24 11:52:03Z INFO ExtensionManager] Creating instance: GitHub.Runner.Worker.NoticeCommandExtension, Runner.Worker
[2025-10-24 11:52:03Z INFO ExtensionManager] Creating instance: GitHub.Runner.Worker.DebugCommandExtension, Runner.Worker
[2025-10-24 11:52:03Z INFO ExtensionManager] Creating instance: GitHub.Runner.Worker.GroupCommandExtension, Runner.Worker
[2025-10-24 11:52:03Z INFO ExtensionManager] Creating instance: GitHub.Runner.Worker.EndGroupCommandExtension, Runner.Worker
[2025-10-24 11:52:03Z INFO ExtensionManager] Creating instance: GitHub.Runner.Worker.EchoCommandExtension, Runner.Worker
[2025-10-24 11:52:03Z INFO ActionCommandManager] Register action command extension for command internal-set-repo-path
[2025-10-24 11:52:03Z INFO ActionCommandManager] Register action command extension for command set-env
[2025-10-24 11:52:03Z INFO ActionCommandManager] Register action command extension for command set-output
[2025-10-24 11:52:03Z INFO ActionCommandManager] Register action command extension for command save-state
[2025-10-24 11:52:03Z INFO ActionCommandManager] Register action command extension for command add-path
[2025-10-24 11:52:03Z INFO ActionCommandManager] Register action command extension for command add-mask
[2025-10-24 11:52:03Z INFO ActionCommandManager] Register action command extension for command add-matcher
[2025-10-24 11:52:03Z INFO ActionCommandManager] Register action command extension for command remove-matcher
[2025-10-24 11:52:03Z INFO ActionCommandManager] Register action command extension for command warning
[2025-10-24 11:52:03Z INFO ActionCommandManager] Register action command extension for command error
[2025-10-24 11:52:03Z INFO ActionCommandManager] Register action command extension for command notice
[2025-10-24 11:52:03Z INFO ActionCommandManager] Register action command extension for command debug
[2025-10-24 11:52:03Z INFO ActionCommandManager] Register action command extension for command group
[2025-10-24 11:52:03Z INFO ActionCommandManager] Register action command extension for command endgroup
[2025-10-24 11:52:03Z INFO ActionCommandManager] Register action command extension for command echo
[2025-10-24 11:52:03Z INFO ScriptHandler] Which2: 'pwsh'
[2025-10-24 11:52:03Z INFO ScriptHandler] pwsh: command not found. Make sure 'pwsh' is installed and its location included in the 'Path' environment variable.
[2025-10-24 11:52:03Z INFO ScriptHandler] Defaulting to powershell
[2025-10-24 11:52:03Z INFO ScriptHandler] Which2: 'powershell'
[2025-10-24 11:52:03Z INFO ResultServer] Successfully started websocket client.
[2025-10-24 11:52:03Z INFO ScriptHandler] Location: 'C:\windows\System32\WindowsPowerShell\v1.0\powershell.EXE'
[2025-10-24 11:52:03Z INFO JobServerQueue] Try to append 1 batches web console lines for record '4c5ead87-fc6d-4fa0-a799-c3acbdf54892', success rate: 1/1.
[2025-10-24 11:52:03Z INFO HostContext] Well known directory 'Bin': 'C:\Users\paulo\server\vuln-server\actions-runner\bin'
[2025-10-24 11:52:03Z INFO HostContext] Well known directory 'Root': 'C:\Users\paulo\server\vuln-server\actions-runner'
[2025-10-24 11:52:03Z INFO HostContext] Well known directory 'Work': 'C:\Users\paulo\server\vuln-server\actions-runner\_work'
[2025-10-24 11:52:03Z INFO HostContext] Well known directory 'Temp': 'C:\Users\paulo\server\vuln-server\actions-runner\_work\_temp'
[2025-10-24 11:52:03Z INFO ScriptHandler] Which2: 'pwsh'
[2025-10-24 11:52:03Z INFO ScriptHandler] pwsh: command not found. Make sure 'pwsh' is installed and its location included in the 'Path' environment variable.
[2025-10-24 11:52:03Z INFO ScriptHandler] Defaulting to powershell
[2025-10-24 11:52:03Z INFO ScriptHandler] Which2: 'powershell'
[2025-10-24 11:52:03Z INFO ScriptHandler] Location: 'C:\windows\System32\WindowsPowerShell\v1.0\powershell.EXE'
[2025-10-24 11:52:03Z INFO ProcessInvokerWrapper] Starting process:
[2025-10-24 11:52:03Z INFO ProcessInvokerWrapper]   File name: 'C:\windows\System32\WindowsPowerShell\v1.0\powershell.EXE'
[2025-10-24 11:52:03Z INFO ProcessInvokerWrapper]   Arguments: '-command ". 'C:\Users\paulo\server\vuln-server\actions-runner\_work\_temp\c0046a57-8b6a-4581-9b73-33511d336cbc.ps1'"'
[2025-10-24 11:52:03Z INFO ProcessInvokerWrapper]   Working directory: 'C:\Users\paulo\server\vuln-server\actions-runner\_work\vulnserver\vulnserver'
[2025-10-24 11:52:03Z INFO ProcessInvokerWrapper]   Require exit code zero: 'False'
[2025-10-24 11:52:03Z INFO ProcessInvokerWrapper]   Encoding web name:  ; code page: ''
[2025-10-24 11:52:03Z INFO ProcessInvokerWrapper]   Force kill process on cancellation: 'False'
[2025-10-24 11:52:03Z INFO ProcessInvokerWrapper]   Redirected STDIN: 'False'
[2025-10-24 11:52:03Z INFO ProcessInvokerWrapper]   Persist current code page: 'True'
[2025-10-24 11:52:03Z INFO ProcessInvokerWrapper]   Keep redirected STDIN open: 'False'
[2025-10-24 11:52:03Z INFO ProcessInvokerWrapper]   High priority process: 'False'
[2025-10-24 11:52:03Z INFO ProcessInvokerWrapper] Process started with process id 35404, waiting for process exit.
[2025-10-24 11:52:03Z INFO JobServerQueue] Try to append 1 batches web console lines for record 'ee34e20e-5712-4207-83fb-5d9f966486fd', success rate: 1/1.
[2025-10-24 11:52:04Z INFO JobServerQueue] Job timeline record has been updated for the first time.
[2025-10-24 11:52:04Z INFO ProcessInvokerWrapper] STDOUT/STDERR stream read finished.
[2025-10-24 11:52:04Z INFO ProcessInvokerWrapper] STDOUT/STDERR stream read finished.
[2025-10-24 11:52:04Z INFO ProcessInvokerWrapper] Finished process 35404 with exit code 1, and elapsed time 00:00:00.5448943.
[2025-10-24 11:52:04Z INFO CreateStepSummaryCommand] Step Summary file (C:\Users\paulo\server\vuln-server\actions-runner\_work\_temp\_runner_file_commands\step_summary_1404be7a-d535-4799-aa37-f8a680ea1ff0) is empty; skipping attachment upload
[2025-10-24 11:52:04Z INFO StepsRunner] Step result: Failed
[2025-10-24 11:52:04Z INFO ExecutionContext] Publish step telemetry for current step {
  "action": "powershell",
  "type": "run",
  "stage": "Main",
  "stepId": "ee34e20e-5712-4207-83fb-5d9f966486fd",
  "stepContextName": "__run",
  "result": "failed",
  "errorMessages": [
    "Process completed with exit code 1."
  ],
  "executionTimeInSeconds": 1,
  "startTime": "2025-10-24T11:52:03.4005542Z",
  "finishTime": "2025-10-24T11:52:04.1157518Z"
}.
[2025-10-24 11:52:04Z INFO StepsRunner] Update job result with current step result 'Failed'.
[2025-10-24 11:52:04Z INFO StepsRunner] Current state: job state = 'Failed'
[2025-10-24 11:52:04Z INFO StepsRunner] Processing step: DisplayName='Hello World'
[2025-10-24 11:52:04Z INFO StepsRunner] Evaluating: success()
[2025-10-24 11:52:04Z INFO StepsRunner] Result: false
[2025-10-24 11:52:04Z INFO StepsRunner] Skipping step due to condition evaluation.
[2025-10-24 11:52:04Z INFO StepsRunner] No need for updating job result with current step result 'Skipped'.
[2025-10-24 11:52:04Z INFO StepsRunner] Current state: job state = 'Failed'
[2025-10-24 11:52:04Z INFO JobRunner] Finalize job.
[2025-10-24 11:52:04Z INFO HostContext] Well known directory 'Bin': 'C:\Users\paulo\server\vuln-server\actions-runner\bin'
[2025-10-24 11:52:04Z INFO HostContext] Well known directory 'Root': 'C:\Users\paulo\server\vuln-server\actions-runner'
[2025-10-24 11:52:04Z INFO HostContext] Well known directory 'Diag': 'C:\Users\paulo\server\vuln-server\actions-runner\_diag'
[2025-10-24 11:52:04Z INFO HostContext] Well known directory 'Bin': 'C:\Users\paulo\server\vuln-server\actions-runner\bin'
[2025-10-24 11:52:04Z INFO HostContext] Well known directory 'Root': 'C:\Users\paulo\server\vuln-server\actions-runner'
[2025-10-24 11:52:04Z INFO HostContext] Well known directory 'Diag': 'C:\Users\paulo\server\vuln-server\actions-runner\_diag'
[2025-10-24 11:52:04Z INFO JobExtension] Initialize Env context
[2025-10-24 11:52:04Z INFO JobExtension] Initialize steps context
[2025-10-24 11:52:04Z INFO JobExtension] Total accessible running process: 395.
[2025-10-24 11:52:04Z INFO ExecutionContext] Publish step telemetry for current step {
  "action": "complete_job",
  "type": "runner",
  "stage": "Post",
  "stepId": "1f9a7d8d-d6ae-439e-95e7-fb056631dcd3",
  "result": "succeeded",
  "errorMessages": [],
  "executionTimeInSeconds": 1,
  "startTime": "2025-10-24T11:52:04.1333626Z",
  "finishTime": "2025-10-24T11:52:04.1709743Z"
}.
[2025-10-24 11:52:04Z INFO JobRunner] Job result after all job steps finish: Failed
[2025-10-24 11:52:04Z INFO JobRunner] Completing the job execution context.
[2025-10-24 11:52:04Z INFO JobRunner] Shutting down the job server queue.
[2025-10-24 11:52:04Z INFO JobServerQueue] Fire signal to shutdown all queues.
[2025-10-24 11:52:04Z INFO JobServerQueue] All queue process task stopped.
[2025-10-24 11:52:04Z INFO JobServerQueue] Try to append 1 batches web console lines for record 'ee34e20e-5712-4207-83fb-5d9f966486fd', success rate: 1/1.
[2025-10-24 11:52:04Z INFO JobServerQueue] Try to append 1 batches web console lines for record '1f9a7d8d-d6ae-439e-95e7-fb056631dcd3', success rate: 1/1.
[2025-10-24 11:52:04Z INFO JobServerQueue] Web console line queue drained.
[2025-10-24 11:52:04Z INFO JobServerQueue] Uploading 4 files in one shot.
[2025-10-24 11:52:04Z INFO JobServerQueue] Try to upload 4 log files or attachments, success rate: 4/4.
[2025-10-24 11:52:04Z INFO JobServerQueue] File upload queue drained.
[2025-10-24 11:52:04Z INFO JobServerQueue] Starting results-based upload queue...
[2025-10-24 11:52:04Z INFO JobServerQueue] Uploading 4 file(s) in one shot through results service.
[2025-10-24 11:52:04Z INFO JobServerQueue] Got a step log file to send to results service.
[2025-10-24 11:52:04Z INFO JobServerQueue] Starting upload of step log file to results service ResultsLog, C:\Users\paulo\server\vuln-server\actions-runner\_diag\blocks\ec126079-3db2-4b72-b4b8-4d156acde8a1_4c5ead87-fc6d-4fa0-a799-c3acbdf54892.1
[2025-10-24 11:52:05Z INFO JobServerQueue] Got a step log file to send to results service.
[2025-10-24 11:52:05Z INFO JobServerQueue] Starting upload of step log file to results service ResultsLog, C:\Users\paulo\server\vuln-server\actions-runner\_diag\blocks\ec126079-3db2-4b72-b4b8-4d156acde8a1_ee34e20e-5712-4207-83fb-5d9f966486fd.1
[2025-10-24 11:52:05Z INFO JobServerQueue] Got a step log file to send to results service.
[2025-10-24 11:52:05Z INFO JobServerQueue] Starting upload of step log file to results service ResultsLog, C:\Users\paulo\server\vuln-server\actions-runner\_diag\blocks\ec126079-3db2-4b72-b4b8-4d156acde8a1_1f9a7d8d-d6ae-439e-95e7-fb056631dcd3.1
[2025-10-24 11:52:06Z INFO JobServerQueue] Got a job log file to send to results service.
[2025-10-24 11:52:06Z INFO JobServerQueue] Starting upload of job log file to results service ResultsLog, C:\Users\paulo\server\vuln-server\actions-runner\_diag\blocks\ec126079-3db2-4b72-b4b8-4d156acde8a1_f56f9115-d1ab-5fc6-bd70-cec20e091194.1
[2025-10-24 11:52:06Z INFO JobServerQueue] Tried to upload 4 file(s) to results, success rate: 4/4.
[2025-10-24 11:52:06Z INFO JobServerQueue] Results upload queue drained.
[2025-10-24 11:52:06Z INFO JobServerQueue] Timeline update queue drained.
[2025-10-24 11:52:06Z INFO JobServerQueue] Disposing job server ...
[2025-10-24 11:52:06Z INFO JobServerQueue] Disposing results server ...
[2025-10-24 11:52:06Z INFO JobServerQueue] All queue process tasks have been stopped, and all queues are drained.
[2025-10-24 11:52:06Z INFO TempDirectoryManager] Cleaning runner temp folder: C:\Users\paulo\server\vuln-server\actions-runner\_work\_temp
[2025-10-24 11:52:06Z INFO HostContext] Well known directory 'Bin': 'C:\Users\paulo\server\vuln-server\actions-runner\bin'
[2025-10-24 11:52:06Z INFO HostContext] Well known directory 'Root': 'C:\Users\paulo\server\vuln-server\actions-runner'
[2025-10-24 11:52:06Z INFO HostContext] Well known directory 'Diag': 'C:\Users\paulo\server\vuln-server\actions-runner\_diag'
[2025-10-24 11:52:06Z INFO HostContext] Well known config file 'Telemetry': 'C:\Users\paulo\server\vuln-server\actions-runner\_diag\.telemetry'
[2025-10-24 11:52:06Z INFO JobRunner] Raising job completed against run service
[2025-10-24 11:52:06Z INFO Worker] Job completed.
